#
# A fatal error has been detected by the Java Runtime Environment:
#
#  EXCEPTION_ACCESS_VIOLATION (0xc0000005) at pc=0x00007ffd1f400530, pid=1324, tid=17044
#
# JRE version: Java(TM) SE Runtime Environment (17.0.4.1+1) (build 17.0.4.1+1-LTS-2)
# Java VM: Java HotSpot(TM) 64-Bit Server VM (17.0.4.1+1-LTS-2, mixed mode, sharing, tiered, compressed oops, compressed class ptrs, g1 gc, windows-amd64)
# Problematic frame:
# V  [jvm.dll+0x120530]
#
# No core dump will be written. Minidumps are not enabled by default on client versions of Windows
#
# If you would like to submit a bug report, please visit:
#   https://bugreport.java.com/bugreport/crash.jsp
#

---------------  S U M M A R Y ------------

Command Line: -ea -Dfile.encoding=UTF-8 -Dstdout.encoding=UTF-8 -Dstderr.encoding=UTF-8 -XX:+ShowCodeDetailsInExceptionMessages org.eclipse.jdt.internal.junit.runner.RemoteTestRunner -version 3 -port 7751 -testLoaderClass org.eclipse.jdt.internal.junit5.runner.JUnit5TestLoader -loaderpluginname org.eclipse.jdt.junit5.runtime -classNames com.jacoc.api.serviceTest.VendorServiceTest

Host: AMD Athlon PRO 3045B with Radeon Graphics      , 2 cores, 5G,  Windows 11 , 64 bit Build 22621 (10.0.22621.1635)
Time: Fri Jan 26 01:22:49 2024 India Standard Time elapsed time: 6.525747 seconds (0d 0h 0m 6s)

---------------  T H R E A D  ---------------

Current thread (0x0000014ceb169850):  JavaThread "main" [_thread_in_vm, id=17044, stack(0x0000003ce2800000,0x0000003ce2900000)]

Stack: [0x0000003ce2800000,0x0000003ce2900000],  sp=0x0000003ce28fbac8,  free space=1006k
Native frames: (J=compiled Java code, j=interpreted, Vv=VM code, C=native code)
V  [jvm.dll+0x120530]

Java frames: (J=compiled Java code, j=interpreted, Vv=VM code)
j  java.lang.StackTraceElement.initStackTraceElements([Ljava/lang/StackTraceElement;Ljava/lang/Throwable;)V+0 java.base@17.0.4.1
j  java.lang.StackTraceElement.of(Ljava/lang/Throwable;I)[Ljava/lang/StackTraceElement;+30 java.base@17.0.4.1
j  java.lang.Throwable.getOurStackTrace()[Ljava/lang/StackTraceElement;+30 java.base@17.0.4.1
j  java.lang.Throwable.getStackTrace()[Ljava/lang/StackTraceElement;+1 java.base@17.0.4.1
j  org.assertj.core.presentation.StandardRepresentation.toStringOf(Ljava/lang/Throwable;)Ljava/lang/String;+1
j  org.assertj.core.presentation.StandardRepresentation.toStringOf(Ljava/lang/Object;)Ljava/lang/String;+640
j  org.assertj.core.presentation.CompositeRepresentation.toStringOf(Ljava/lang/Object;)Ljava/lang/String;+53
j  org.assertj.core.error.ShouldBeEqual.actualAndExpectedHaveSameStringRepresentation()Z+21
j  org.assertj.core.error.ShouldBeEqual.smartErrorMessage(Lorg/assertj/core/description/Description;Lorg/assertj/core/presentation/Representation;)Ljava/lang/String;+1
j  org.assertj.core.error.ShouldBeEqual.newAssertionError(Lorg/assertj/core/description/Description;Lorg/assertj/core/presentation/Representation;)Ljava/lang/AssertionError;+3
j  org.assertj.core.internal.Failures.failure(Lorg/assertj/core/api/AssertionInfo;Lorg/assertj/core/error/AssertionErrorFactory;)Ljava/lang/AssertionError;+29
j  org.assertj.core.internal.Objects.assertEqual(Lorg/assertj/core/api/AssertionInfo;Ljava/lang/Object;Ljava/lang/Object;)V+29
j  org.assertj.core.api.AbstractAssert.isEqualTo(Ljava/lang/Object;)Lorg/assertj/core/api/AbstractAssert;+13
j  com.jacoc.api.serviceTest.VendorServiceTest.getVendorbyIdTest()V+127
v  ~StubRoutines::call_stub
J 2770  jdk.internal.reflect.NativeMethodAccessorImpl.invoke0(Ljava/lang/reflect/Method;Ljava/lang/Object;[Ljava/lang/Object;)Ljava/lang/Object; java.base@17.0.4.1 (0 bytes) @ 0x0000014c87bdb327 [0x0000014c87bdb2a0+0x0000000000000087]
J 2736 c1 jdk.internal.reflect.NativeMethodAccessorImpl.invoke(Ljava/lang/Object;[Ljava/lang/Object;)Ljava/lang/Object; java.base@17.0.4.1 (137 bytes) @ 0x0000014c80aacc34 [0x0000014c80aac900+0x0000000000000334]
J 2176 c1 jdk.internal.reflect.DelegatingMethodAccessorImpl.invoke(Ljava/lang/Object;[Ljava/lang/Object;)Ljava/lang/Object; java.base@17.0.4.1 (10 bytes) @ 0x0000014c809aad44 [0x0000014c809aac40+0x0000000000000104]
J 2181 c1 java.lang.reflect.Method.invoke(Ljava/lang/Object;[Ljava/lang/Object;)Ljava/lang/Object; java.base@17.0.4.1 (65 bytes) @ 0x0000014c809ac8c4 [0x0000014c809ac580+0x0000000000000344]
j  org.junit.platform.commons.util.ReflectionUtils.invokeMethod(Ljava/lang/reflect/Method;Ljava/lang/Object;[Ljava/lang/Object;)Ljava/lang/Object;+42
j  org.junit.jupiter.engine.execution.MethodInvocation.proceed()Ljava/lang/Object;+16
j  org.junit.jupiter.engine.execution.InvocationInterceptorChain$ValidatingInvocation.proceed()Ljava/lang/Object;+8
j  org.junit.jupiter.engine.extension.TimeoutExtension.intercept(Lorg/junit/jupiter/api/extension/InvocationInterceptor$Invocation;Lorg/junit/jupiter/api/extension/ReflectiveInvocationContext;Lorg/junit/jupiter/api/extension/ExtensionContext;Lorg/junit/jupiter/engine/extension/TimeoutDuration;Lorg/junit/jupiter/engine/extension/TimeoutExtension$TimeoutProvider;)Ljava/lang/Object;+28
j  org.junit.jupiter.engine.extension.TimeoutExtension.interceptTestableMethod(Lorg/junit/jupiter/api/extension/InvocationInterceptor$Invocation;Lorg/junit/jupiter/api/extension/ReflectiveInvocationContext;Lorg/junit/jupiter/api/extension/ExtensionContext;Lorg/junit/jupiter/engine/extension/TimeoutExtension$TimeoutProvider;)Ljava/lang/Object;+31
j  org.junit.jupiter.engine.extension.TimeoutExtension.interceptTestMethod(Lorg/junit/jupiter/api/extension/InvocationInterceptor$Invocation;Lorg/junit/jupiter/api/extension/ReflectiveInvocationContext;Lorg/junit/jupiter/api/extension/ExtensionContext;)V+9
j  org.junit.jupiter.engine.descriptor.TestMethodTestDescriptor$$Lambda$165+0x0000000800c349f8.apply(Lorg/junit/jupiter/api/extension/InvocationInterceptor;Lorg/junit/jupiter/api/extension/InvocationInterceptor$Invocation;Lorg/junit/jupiter/api/extension/ReflectiveInvocationContext;Lorg/junit/jupiter/api/extension/ExtensionContext;)V+5
j  org.junit.jupiter.engine.execution.InterceptingExecutableInvoker$ReflectiveInterceptorCall.lambda$ofVoidMethod$0(Lorg/junit/jupiter/engine/execution/InterceptingExecutableInvoker$ReflectiveInterceptorCall$VoidMethodInterceptorCall;Lorg/junit/jupiter/api/extension/InvocationInterceptor;Lorg/junit/jupiter/api/extension/InvocationInterceptor$Invocation;Lorg/junit/jupiter/api/extension/ReflectiveInvocationContext;Lorg/junit/jupiter/api/extension/ExtensionContext;)Ljava/lang/Void;+6
j  org.junit.jupiter.engine.execution.InterceptingExecutableInvoker$ReflectiveInterceptorCall$$Lambda$166+0x0000000800c3c000.apply(Lorg/junit/jupiter/api/extension/InvocationInterceptor;Lorg/junit/jupiter/api/extension/InvocationInterceptor$Invocation;Lorg/junit/jupiter/api/extension/ReflectiveInvocationContext;Lorg/junit/jupiter/api/extension/ExtensionContext;)Ljava/lang/Object;+9
j  org.junit.jupiter.engine.execution.InterceptingExecutableInvoker.lambda$invoke$0(Lorg/junit/jupiter/engine/execution/InterceptingExecutableInvoker$ReflectiveInterceptorCall;Lorg/junit/jupiter/api/extension/ReflectiveInvocationContext;Lorg/junit/jupiter/api/extension/ExtensionContext;Lorg/junit/jupiter/api/extension/InvocationInterceptor;Lorg/junit/jupiter/api/extension/InvocationInterceptor$Invocation;)Ljava/lang/Object;+6
j  org.junit.jupiter.engine.execution.InterceptingExecutableInvoker$$Lambda$338+0x0000000800caace8.apply(Lorg/junit/jupiter/api/extension/InvocationInterceptor;Lorg/junit/jupiter/api/extension/InvocationInterceptor$Invocation;)Ljava/lang/Object;+14
j  org.junit.jupiter.engine.execution.InvocationInterceptorChain$InterceptedInvocation.proceed()Ljava/lang/Object;+12
j  org.junit.jupiter.engine.execution.InvocationInterceptorChain.proceed(Lorg/junit/jupiter/api/extension/InvocationInterceptor$Invocation;)Ljava/lang/Object;+1
j  org.junit.jupiter.engine.execution.InvocationInterceptorChain.chainAndInvoke(Lorg/junit/jupiter/api/extension/InvocationInterceptor$Invocation;Lorg/junit/jupiter/engine/execution/InvocationInterceptorChain$InterceptorCall;Ljava/util/List;)Ljava/lang/Object;+24
j  org.junit.jupiter.engine.execution.InvocationInterceptorChain.invoke(Lorg/junit/jupiter/api/extension/InvocationInterceptor$Invocation;Lorg/junit/jupiter/engine/extension/ExtensionRegistry;Lorg/junit/jupiter/engine/execution/InvocationInterceptorChain$InterceptorCall;)Ljava/lang/Object;+31
j  org.junit.jupiter.engine.execution.InterceptingExecutableInvoker.invoke(Lorg/junit/jupiter/api/extension/InvocationInterceptor$Invocation;Lorg/junit/jupiter/api/extension/ReflectiveInvocationContext;Lorg/junit/jupiter/api/extension/ExtensionContext;Lorg/junit/jupiter/engine/extension/ExtensionRegistry;Lorg/junit/jupiter/engine/execution/InterceptingExecutableInvoker$ReflectiveInterceptorCall;)Ljava/lang/Object;+15
j  org.junit.jupiter.engine.execution.InterceptingExecutableInvoker.invoke(Ljava/lang/reflect/Method;Ljava/lang/Object;Lorg/junit/jupiter/api/extension/ExtensionContext;Lorg/junit/jupiter/engine/extension/ExtensionRegistry;Lorg/junit/jupiter/engine/execution/InterceptingExecutableInvoker$ReflectiveInterceptorCall;)Ljava/lang/Object;+55
j  org.junit.jupiter.engine.descriptor.TestMethodTestDescriptor.lambda$invokeTestMethod$7(Lorg/junit/jupiter/api/extension/ExtensionContext;Lorg/junit/jupiter/engine/execution/JupiterEngineExecutionContext;)V+28
j  org.junit.jupiter.engine.descriptor.TestMethodTestDescriptor$$Lambda$404+0x0000000800e328f0.execute()V+12
j  org.junit.platform.engine.support.hierarchical.ThrowableCollector.execute(Lorg/junit/platform/engine/support/hierarchical/ThrowableCollector$Executable;)V+1
j  org.junit.jupiter.engine.descriptor.TestMethodTestDescriptor.invokeTestMethod(Lorg/junit/jupiter/engine/execution/JupiterEngineExecutionContext;Lorg/junit/platform/engine/support/hierarchical/Node$DynamicTestExecutor;)V+21
j  org.junit.jupiter.engine.descriptor.TestMethodTestDescriptor.execute(Lorg/junit/jupiter/engine/execution/JupiterEngineExecutionContext;Lorg/junit/platform/engine/support/hierarchical/Node$DynamicTestExecutor;)Lorg/junit/jupiter/engine/execution/JupiterEngineExecutionContext;+44
j  org.junit.jupiter.engine.descriptor.TestMethodTestDescriptor.execute(Lorg/junit/platform/engine/support/hierarchical/EngineExecutionContext;Lorg/junit/platform/engine/support/hierarchical/Node$DynamicTestExecutor;)Lorg/junit/platform/engine/support/hierarchical/EngineExecutionContext;+6
j  org.junit.platform.engine.support.hierarchical.NodeTestTask.lambda$executeRecursively$6()V+79
j  org.junit.platform.engine.support.hierarchical.NodeTestTask$$Lambda$270+0x0000000800c96ca0.execute()V+4
j  org.junit.platform.engine.support.hierarchical.ThrowableCollector.execute(Lorg/junit/platform/engine/support/hierarchical/ThrowableCollector$Executable;)V+1
j  org.junit.platform.engine.support.hierarchical.NodeTestTask.lambda$executeRecursively$8(Lorg/junit/platform/engine/support/hierarchical/EngineExecutionContext;)V+15
j  org.junit.platform.engine.support.hierarchical.NodeTestTask$$Lambda$269+0x0000000800c96a80.invoke(Lorg/junit/platform/engine/support/hierarchical/EngineExecutionContext;)V+5
j  org.junit.platform.engine.support.hierarchical.Node.around(Lorg/junit/platform/engine/support/hierarchical/EngineExecutionContext;Lorg/junit/platform/engine/support/hierarchical/Node$Invocation;)V+2
j  org.junit.platform.engine.support.hierarchical.NodeTestTask.lambda$executeRecursively$9()V+14
j  org.junit.platform.engine.support.hierarchical.NodeTestTask$$Lambda$268+0x0000000800c96668.execute()V+4
j  org.junit.platform.engine.support.hierarchical.ThrowableCollector.execute(Lorg/junit/platform/engine/support/hierarchical/ThrowableCollector$Executable;)V+1
j  org.junit.platform.engine.support.hierarchical.NodeTestTask.executeRecursively()V+31
j  org.junit.platform.engine.support.hierarchical.NodeTestTask.execute()V+55
j  org.junit.platform.engine.support.hierarchical.SameThreadHierarchicalTestExecutorService$$Lambda$274+0x0000000800c97790.accept(Ljava/lang/Object;)V+4
j  java.util.ArrayList.forEach(Ljava/util/function/Consumer;)V+46 java.base@17.0.4.1
j  org.junit.platform.engine.support.hierarchical.SameThreadHierarchicalTestExecutorService.invokeAll(Ljava/util/List;)V+6
j  org.junit.platform.engine.support.hierarchical.NodeTestTask.lambda$executeRecursively$6()V+116
j  org.junit.platform.engine.support.hierarchical.NodeTestTask$$Lambda$270+0x0000000800c96ca0.execute()V+4
j  org.junit.platform.engine.support.hierarchical.ThrowableCollector.execute(Lorg/junit/platform/engine/support/hierarchical/ThrowableCollector$Executable;)V+1
j  org.junit.platform.engine.support.hierarchical.NodeTestTask.lambda$executeRecursively$8(Lorg/junit/platform/engine/support/hierarchical/EngineExecutionContext;)V+15
j  org.junit.platform.engine.support.hierarchical.NodeTestTask$$Lambda$269+0x0000000800c96a80.invoke(Lorg/junit/platform/engine/support/hierarchical/EngineExecutionContext;)V+5
j  org.junit.platform.engine.support.hierarchical.Node.around(Lorg/junit/platform/engine/support/hierarchical/EngineExecutionContext;Lorg/junit/platform/engine/support/hierarchical/Node$Invocation;)V+2
j  org.junit.platform.engine.support.hierarchical.NodeTestTask.lambda$executeRecursively$9()V+14
j  org.junit.platform.engine.support.hierarchical.NodeTestTask$$Lambda$268+0x0000000800c96668.execute()V+4
j  org.junit.platform.engine.support.hierarchical.ThrowableCollector.execute(Lorg/junit/platform/engine/support/hierarchical/ThrowableCollector$Executable;)V+1
j  org.junit.platform.engine.support.hierarchical.NodeTestTask.executeRecursively()V+31
j  org.junit.platform.engine.support.hierarchical.NodeTestTask.execute()V+55
j  org.junit.platform.engine.support.hierarchical.SameThreadHierarchicalTestExecutorService$$Lambda$274+0x0000000800c97790.accept(Ljava/lang/Object;)V+4
j  java.util.ArrayList.forEach(Ljava/util/function/Consumer;)V+46 java.base@17.0.4.1
j  org.junit.platform.engine.support.hierarchical.SameThreadHierarchicalTestExecutorService.invokeAll(Ljava/util/List;)V+6
j  org.junit.platform.engine.support.hierarchical.NodeTestTask.lambda$executeRecursively$6()V+116
j  org.junit.platform.engine.support.hierarchical.NodeTestTask$$Lambda$270+0x0000000800c96ca0.execute()V+4
j  org.junit.platform.engine.support.hierarchical.ThrowableCollector.execute(Lorg/junit/platform/engine/support/hierarchical/ThrowableCollector$Executable;)V+1
j  org.junit.platform.engine.support.hierarchical.NodeTestTask.lambda$executeRecursively$8(Lorg/junit/platform/engine/support/hierarchical/EngineExecutionContext;)V+15
j  org.junit.platform.engine.support.hierarchical.NodeTestTask$$Lambda$269+0x0000000800c96a80.invoke(Lorg/junit/platform/engine/support/hierarchical/EngineExecutionContext;)V+5
j  org.junit.platform.engine.support.hierarchical.Node.around(Lorg/junit/platform/engine/support/hierarchical/EngineExecutionContext;Lorg/junit/platform/engine/support/hierarchical/Node$Invocation;)V+2
j  org.junit.platform.engine.support.hierarchical.NodeTestTask.lambda$executeRecursively$9()V+14
j  org.junit.platform.engine.support.hierarchical.NodeTestTask$$Lambda$268+0x0000000800c96668.execute()V+4
j  org.junit.platform.engine.support.hierarchical.ThrowableCollector.execute(Lorg/junit/platform/engine/support/hierarchical/ThrowableCollector$Executable;)V+1
j  org.junit.platform.engine.support.hierarchical.NodeTestTask.executeRecursively()V+31
j  org.junit.platform.engine.support.hierarchical.NodeTestTask.execute()V+55
j  org.junit.platform.engine.support.hierarchical.SameThreadHierarchicalTestExecutorService.submit(Lorg/junit/platform/engine/support/hierarchical/HierarchicalTestExecutorService$TestTask;)Ljava/util/concurrent/Future;+1
j  org.junit.platform.engine.support.hierarchical.HierarchicalTestExecutor.execute()Ljava/util/concurrent/Future;+74
j  org.junit.platform.engine.support.hierarchical.HierarchicalTestEngine.execute(Lorg/junit/platform/engine/ExecutionRequest;)V+31
j  org.junit.platform.launcher.core.EngineExecutionOrchestrator.execute(Lorg/junit/platform/engine/TestDescriptor;Lorg/junit/platform/engine/EngineExecutionListener;Lorg/junit/platform/engine/ConfigurationParameters;Lorg/junit/platform/engine/TestEngine;)V+24
j  org.junit.platform.launcher.core.EngineExecutionOrchestrator.execute(Lorg/junit/platform/launcher/core/LauncherDiscoveryResult;Lorg/junit/platform/engine/EngineExecutionListener;)V+115
j  org.junit.platform.launcher.core.EngineExecutionOrchestrator.execute(Lorg/junit/platform/launcher/core/InternalTestPlan;Lorg/junit/platform/engine/EngineExecutionListener;Lorg/junit/platform/launcher/TestExecutionListener;)V+55
j  org.junit.platform.launcher.core.EngineExecutionOrchestrator.lambda$execute$0(Lorg/junit/platform/launcher/core/InternalTestPlan;Lorg/junit/platform/launcher/TestExecutionListener;)V+6
j  org.junit.platform.launcher.core.EngineExecutionOrchestrator$$Lambda$226+0x0000000800c86290.accept(Ljava/lang/Object;)V+12
j  org.junit.platform.launcher.core.EngineExecutionOrchestrator.withInterceptedStreams(Lorg/junit/platform/engine/ConfigurationParameters;Lorg/junit/platform/launcher/core/ListenerRegistry;Ljava/util/function/Consumer;)V+51
j  org.junit.platform.launcher.core.EngineExecutionOrchestrator.execute(Lorg/junit/platform/launcher/core/InternalTestPlan;[Lorg/junit/platform/launcher/TestExecutionListener;)V+23
j  org.junit.platform.launcher.core.DefaultLauncher.execute(Lorg/junit/platform/launcher/core/InternalTestPlan;[Lorg/junit/platform/launcher/TestExecutionListener;)V+6
j  org.junit.platform.launcher.core.DefaultLauncher.execute(Lorg/junit/platform/launcher/TestPlan;[Lorg/junit/platform/launcher/TestExecutionListener;)V+36
j  org.junit.platform.launcher.core.DelegatingLauncher.execute(Lorg/junit/platform/launcher/TestPlan;[Lorg/junit/platform/launcher/TestExecutionListener;)V+6
j  org.junit.platform.launcher.core.SessionPerRequestLauncher.execute(Lorg/junit/platform/launcher/TestPlan;[Lorg/junit/platform/launcher/TestExecutionListener;)V+13
j  org.eclipse.jdt.internal.junit5.runner.JUnit5TestReference.run(Lorg/eclipse/jdt/internal/junit/runner/TestExecution;)V+77
j  org.eclipse.jdt.internal.junit.runner.TestExecution.run([Lorg/eclipse/jdt/internal/junit/runner/ITestReference;)V+27
j  org.eclipse.jdt.internal.junit.runner.RemoteTestRunner.runTests([Ljava/lang/String;Ljava/lang/String;Lorg/eclipse/jdt/internal/junit/runner/TestExecution;)V+62
j  org.eclipse.jdt.internal.junit.runner.RemoteTestRunner.runTests(Lorg/eclipse/jdt/internal/junit/runner/TestExecution;)V+10
j  org.eclipse.jdt.internal.junit.runner.RemoteTestRunner.run()V+70
j  org.eclipse.jdt.internal.junit.runner.RemoteTestRunner.main([Ljava/lang/String;)V+14
v  ~StubRoutines::call_stub

siginfo: EXCEPTION_ACCESS_VIOLATION (0xc0000005), reading address 0x0000000000dbd340


Register to memory mapping:

RIP=0x00007ffd1f400530 jvm.dll
RAX=0x0 is NULL
RBX=0x0000014ce8ffcaf0 points into unknown readable memory: 0x00000000a6b5c940 | 40 c9 b5 a6 00 00 00 00
RCX=14406448 is a compressed pointer to class: 0x0000000800dbd330
org.mockito.internal.creation.bytebuddy.MockMethodInterceptor {0x0000000800dbd338}
 - instance size:     4
 - klass size:        69
 - access:            public synchronized 
 - state:             fully_initialized
 - name:              'org/mockito/internal/creation/bytebuddy/MockMethodInterceptor'
 - super:             'java/lang/Object'
 - sub:               
 - arrays:            NULL
 - methods:           Array<T>(0x0000014cfb1639c0)
 - method ordering:   Array<T>(0x00000008008f2760)
 - default_methods:   Array<T>(0x0000000000000000)
 - local interfaces:  Array<T>(0x0000014cfb163968)
 - trans. interfaces: Array<T>(0x0000014cfb163968)
 - constants:         constant pool [123] {0x0000014cfb1634c8} for 'org/mockito/internal/creation/bytebuddy/MockMethodInterceptor' cache=0x0000014cfb331bc0
 - class loader data:  loader data: 0x0000014cf8d3cc30 for instance a 'jdk/internal/loader/ClassLoaders$AppClassLoader'{0x00000000a1842800}
 - source file:       'MockMethodInterceptor.java'
 - class annotations:       Array<T>(0x0000000000000000)
 - class type annotations:  Array<T>(0x0000000000000000)
 - field annotations:       Array<T>(0x0000000000000000)
 - field type annotations:  Array<T>(0x0000000000000000)
 - inner classes:     Array<T>(0x0000014cfb163f00)
 - nest members:     Array<T>(0x0000014cfb163f30)
 - permitted subclasses:     Array<T>(0x00000008005cfb70)
 - java mirror:       a 'java/lang/Class'{0x00000000a4515348} = 'org/mockito/internal/creation/bytebuddy/MockMethodInterceptor'
 - vtable length      9  (start addr: 0x0000000800dbd4f8)
 - itable length      2 (start addr: 0x0000000800dbd540)
 - ---- static fields (1 words):
 - private static final 'serialVersionUID' 'J' @112 
 - ---- non-static fields (4 words):
 - final 'handler' 'Lorg/mockito/invocation/MockHandler;' @12 
 - private final 'mockCreationSettings' 'Lorg/mockito/mock/MockCreationSettings;' @16 
 - private final 'serializationSupport' 'Lorg/mockito/internal/creation/bytebuddy/ByteBuddyCrossClassLoaderSerializationSupport;' @20 
 - private transient 'weakReferenceHatch' 'Ljava/lang/ThreadLocal;' @24 
 - non-static oop maps: 12-24 
RDX=0x0000000000000010 is an unknown value
RSP=0x0000003ce28fbac8 is pointing into the stack for thread: 0x0000014ceb169850
RBP=0x0000003ce28fbb39 is pointing into the stack for thread: 0x0000014ceb169850
RSI=0x0000000000000018 is an unknown value
RDI=0x0000014ce8ffcae8 points into unknown readable memory: 0x00000000a6a16648 | 48 66 a1 a6 00 00 00 00
R8 =0x0 is NULL
R9 =14406448 is a compressed pointer to class: 0x0000000800dbd330
org.mockito.internal.creation.bytebuddy.MockMethodInterceptor {0x0000000800dbd338}
 - instance size:     4
 - klass size:        69
 - access:            public synchronized 
 - state:             fully_initialized
 - name:              'org/mockito/internal/creation/bytebuddy/MockMethodInterceptor'
 - super:             'java/lang/Object'
 - sub:               
 - arrays:            NULL
 - methods:           Array<T>(0x0000014cfb1639c0)
 - method ordering:   Array<T>(0x00000008008f2760)
 - default_methods:   Array<T>(0x0000000000000000)
 - local interfaces:  Array<T>(0x0000014cfb163968)
 - trans. interfaces: Array<T>(0x0000014cfb163968)
 - constants:         constant pool [123] {0x0000014cfb1634c8} for 'org/mockito/internal/creation/bytebuddy/MockMethodInterceptor' cache=0x0000014cfb331bc0
 - class loader data:  loader data: 0x0000014cf8d3cc30 for instance a 'jdk/internal/loader/ClassLoaders$AppClassLoader'{0x00000000a1842800}
 - source file:       'MockMethodInterceptor.java'
 - class annotations:       Array<T>(0x0000000000000000)
 - class type annotations:  Array<T>(0x0000000000000000)
 - field annotations:       Array<T>(0x0000000000000000)
 - field type annotations:  Array<T>(0x0000000000000000)
 - inner classes:     Array<T>(0x0000014cfb163f00)
 - nest members:     Array<T>(0x0000014cfb163f30)
 - permitted subclasses:     Array<T>(0x00000008005cfb70)
 - java mirror:       a 'java/lang/Class'{0x00000000a4515348} = 'org/mockito/internal/creation/bytebuddy/MockMethodInterceptor'
 - vtable length      9  (start addr: 0x0000000800dbd4f8)
 - itable length      2 (start addr: 0x0000000800dbd540)
 - ---- static fields (1 words):
 - private static final 'serialVersionUID' 'J' @112 
 - ---- non-static fields (4 words):
 - final 'handler' 'Lorg/mockito/invocation/MockHandler;' @12 
 - private final 'mockCreationSettings' 'Lorg/mockito/mock/MockCreationSettings;' @16 
 - private final 'serializationSupport' 'Lorg/mockito/internal/creation/bytebuddy/ByteBuddyCrossClassLoaderSerializationSupport;' @20 
 - private transient 'weakReferenceHatch' 'Ljava/lang/ThreadLocal;' @24 
 - non-static oop maps: 12-24 
R10=0x0000014c8000d5f2 is at code_begin+946 in an Interpreter codelet
method entry point (kind = native)  [0x0000014c8000d240, 0x0000014c8000dbc0]  2432 bytes
R11=0x00000000a183a7d8 is an oop: java.lang.Class 
{0x00000000a183a7d8} - klass: 'java/lang/Class'
 - ---- fields (total size 16 words):
 - private volatile transient 'classRedefinedCount' 'I' @12  0
 - private volatile transient 'cachedConstructor' 'Ljava/lang/reflect/Constructor;' @40  NULL (0)
 - private transient 'name' 'Ljava/lang/String;' @44  NULL (0)
 - private transient 'module' 'Ljava/lang/Module;' @48  a 'java/lang/Module'{0x00000000a1842a68} (a1842a68)
 - private final 'classLoader' 'Ljava/lang/ClassLoader;' @52  NULL (0)
 - private transient 'classData' 'Ljava/lang/Object;' @56  NULL (0)
 - private transient 'packageName' 'Ljava/lang/String;' @60  NULL (0)
 - private final 'componentType' 'Ljava/lang/Class;' @64  NULL (0)
 - private volatile transient 'reflectionData' 'Ljava/lang/ref/SoftReference;' @68  NULL (0)
 - private volatile transient 'genericInfo' 'Lsun/reflect/generics/repository/ClassRepository;' @72  NULL (0)
 - private volatile transient 'enumConstants' '[Ljava/lang/Object;' @76  NULL (0)
 - private volatile transient 'enumConstantDirectory' 'Ljava/util/Map;' @80  NULL (0)
 - private volatile transient 'annotationData' 'Ljava/lang/Class$AnnotationData;' @84  NULL (0)
 - private volatile transient 'annotationType' 'Lsun/reflect/annotation/AnnotationType;' @88  NULL (0)
 - transient 'classValueMap' 'Ljava/lang/ClassValue$ClassValueMap;' @92  NULL (0)
 - signature: Ljava/lang/StackTraceElement;
 - fake entry for mirror: 'java/lang/StackTraceElement'
 - fake entry for array: 'java/lang/StackTraceElement'[]
 - fake entry for oop_size: 16
 - fake entry for static_oop_field_count: 0
 - private static final 'BUILTIN_CLASS_LOADER' 'B' @120  1
 - private static final 'JDK_NON_UPGRADEABLE_MODULE' 'B' @121  2
 - private static final 'serialVersionUID' 'J' @112  6992337162326171013 (2636dd85 6109c59a)
R12=0x0 is NULL
R13=0x0 is NULL
R14=0x0000014ceb169850 is a thread
R15=0x00000000a6b5c0b8 is an oop: org.mockito.internal.handler.InvocationNotifierHandler 
{0x00000000a6b5c0b8} - klass: 'org/mockito/internal/handler/InvocationNotifierHandler'
 - ---- fields (total size 3 words):
 - private final 'invocationListeners' 'Ljava/util/List;' @12  a 'java/util/ArrayList'{0x00000000a6b5bd50} (a6b5bd50)
 - private final 'mockHandler' 'Lorg/mockito/invocation/MockHandler;' @16  a 'org/mockito/internal/handler/NullResultGuardian'{0x00000000a6b5c0a8} (a6b5c0a8)


Registers:
RAX=0x0000000000000000, RBX=0x0000014ce8ffcaf0, RCX=0x0000000000dbd330, RDX=0x0000000000000010
RSP=0x0000003ce28fbac8, RBP=0x0000003ce28fbb39, RSI=0x0000000000000018, RDI=0x0000014ce8ffcae8
R8 =0x0000000000000000, R9 =0x0000000000dbd330, R10=0x0000014c8000d5f2, R11=0x00000000a183a7d8
R12=0x0000000000000000, R13=0x0000000000000000, R14=0x0000014ceb169850, R15=0x00000000a6b5c0b8
RIP=0x00007ffd1f400530, EFLAGS=0x0000000000010202

Top of Stack: (sp=0x0000003ce28fbac8)
0x0000003ce28fbac8:   00007ffd1f66c566 0000014ce8ffcae8
0x0000003ce28fbad8:   0000000000000000 00007ffd1fbe1fb8
0x0000003ce28fbae8:   0000000800496240 0000014c0000000e
0x0000003ce28fbaf8:   00000000000019bd 00000008003dfe80
0x0000003ce28fbb08:   0000014ceb169850 0000000200000002
0x0000003ce28fbb18:   0000000000000002 0000014ceb169d30
0x0000003ce28fbb28:   0000002800000003 0000014ceb169850
0x0000003ce28fbb38:   0000003ce28fbc88 0000000000000000
0x0000003ce28fbb48:   0000014ce8ffcaf0 0000014ce8ffcb00
0x0000003ce28fbb58:   0000014ce8ffcaf8 0000000000000000
0x0000003ce28fbb68:   0000014ce8ffcb08 0000003ce28fbc88
0x0000003ce28fbb78:   00000000a6a16648 0000000000000000
0x0000003ce28fbb88:   0000014ce8ffcae0 0000014ce8f8b710
0x0000003ce28fbb98:   00007ffd1f6fb280 0000000000000180
0x0000003ce28fbba8:   0000014ce8ffcae8 0000014ceb169850
0x0000003ce28fbbb8:   0000000800ac6b60 0000014ceb169850 

Instructions: (pc=0x00007ffd1f400530)
0x00007ffd1f400430:   00 eb 07 48 8d 05 76 00 00 00 48 8b d3 48 89 05
0x00007ffd1f400440:   ac 37 96 00 48 8b cf 48 8b 5c 24 30 48 83 c4 20
0x00007ffd1f400450:   5f 48 ff e0 cc cc cc cc cc cc cc cc cc cc cc cc
0x00007ffd1f400460:   80 3d 2b b6 9c 00 00 b8 10 00 00 00 44 8d 40 08
0x00007ffd1f400470:   74 19 80 3d 1a b6 9c 00 00 44 0f 45 c0 48 63 c2
0x00007ffd1f400480:   49 8d 14 80 48 ff 25 65 37 96 00 80 3d 01 b6 9c
0x00007ffd1f400490:   00 00 4c 0f 45 c0 48 63 c2 49 8d 14 c0 48 ff 25
0x00007ffd1f4004a0:   4c 37 96 00 cc cc cc cc cc cc cc cc cc cc cc cc
0x00007ffd1f4004b0:   48 8b 04 11 c3 cc cc cc cc cc cc cc cc cc cc cc
0x00007ffd1f4004c0:   48 89 5c 24 08 57 48 83 ec 20 48 8b 3c 11 48 8d
0x00007ffd1f4004d0:   1c 11 48 85 3d 2f 8b a0 00 75 0e 48 8b c7 48 8b
0x00007ffd1f4004e0:   5c 24 30 48 83 c4 20 5f c3 48 8b cf e8 ef 2e 6e
0x00007ffd1f4004f0:   00 48 8b d0 48 85 c0 74 20 48 8b c7 f0 48 0f b1
0x00007ffd1f400500:   13 74 16 48 85 05 fe 8a a0 00 74 0d 48 8b c8 f0
0x00007ffd1f400510:   48 0f b1 13 48 3b c1 75 ea 48 8b 5c 24 30 48 8b
0x00007ffd1f400520:   c2 48 83 c4 20 5f c3 cc cc cc cc cc cc cc cc cc
0x00007ffd1f400530:   8b 04 11 85 c0 75 03 33 c0 c3 8b 0d 78 3d 96 00
0x00007ffd1f400540:   48 d3 e0 48 03 05 66 3d 96 00 c3 cc cc cc cc cc
0x00007ffd1f400550:   48 89 5c 24 08 57 48 83 ec 20 8b 04 11 48 8d 3c
0x00007ffd1f400560:   11 85 c0 75 04 33 db eb 13 8b 0d 49 3d 96 00 48
0x00007ffd1f400570:   8b d8 48 d3 e3 48 03 1d 34 3d 96 00 48 85 1d 85
0x00007ffd1f400580:   8a a0 00 75 0e 48 8b c3 48 8b 5c 24 30 48 83 c4
0x00007ffd1f400590:   20 5f c3 48 8b cb e8 45 2e 6e 00 48 8b d0 48 85
0x00007ffd1f4005a0:   c0 74 23 48 8b c3 f0 48 0f b1 17 74 19 0f 1f 00
0x00007ffd1f4005b0:   48 85 05 51 8a a0 00 74 0d 48 8b c8 f0 48 0f b1
0x00007ffd1f4005c0:   17 48 3b c1 75 ea 48 8b 5c 24 30 48 8b c2 48 83
0x00007ffd1f4005d0:   c4 20 5f c3 cc cc cc cc cc cc cc cc cc cc cc cc
0x00007ffd1f4005e0:   48 89 5c 24 20 55 56 57 41 54 41 55 41 56 41 57
0x00007ffd1f4005f0:   48 81 ec 40 01 00 00 48 8b 05 da 39 99 00 48 33
0x00007ffd1f400600:   c4 48 89 84 24 30 01 00 00 65 48 8b 04 25 58 00
0x00007ffd1f400610:   00 00 49 8b f8 44 8b 0d dc a4 a0 00 48 8b ea 4c
0x00007ffd1f400620:   89 84 24 90 00 00 00 48 8b d9 48 89 8c 24 98 00 


Stack slot to memory mapping:
stack at sp + 0 slots: 0x00007ffd1f66c566 jvm.dll
stack at sp + 1 slots: 0x0000014ce8ffcae8 points into unknown readable memory: 0x00000000a6a16648 | 48 66 a1 a6 00 00 00 00
stack at sp + 2 slots: 0x0 is NULL
stack at sp + 3 slots: 0x00007ffd1fbe1fb8 jvm.dll
stack at sp + 4 slots: 0x0000000800496240 is pointing into metadata
stack at sp + 5 slots: 0x0000014c0000000e is an unknown value
stack at sp + 6 slots: 0x00000000000019bd is an unknown value
stack at sp + 7 slots: {method} {0x00000008003dfe88} 'initStackTraceElements' '([Ljava/lang/StackTraceElement;Ljava/lang/Throwable;)V' in 'java/lang/StackTraceElement'


---------------  P R O C E S S  ---------------

Threads class SMR info:
_java_thread_list=0x0000014cf9285790, length=13, elements={
0x0000014ceb169850, 0x0000014cf82c9560, 0x0000014cf82cc120, 0x0000014cf82df680,
0x0000014cf82e0230, 0x0000014cf82e1df0, 0x0000014cf82e4cb0, 0x0000014cf82e5da0,
0x0000014cf8d08140, 0x0000014cf8d0a750, 0x0000014cf8dca3f0, 0x0000014cf8dde2d0,
0x0000014cf9266ed0
}

Java Threads: ( => current thread )
=>0x0000014ceb169850 JavaThread "main" [_thread_in_vm, id=17044, stack(0x0000003ce2800000,0x0000003ce2900000)]
  0x0000014cf82c9560 JavaThread "Reference Handler" daemon [_thread_blocked, id=4080, stack(0x0000003ce3000000,0x0000003ce3100000)]
  0x0000014cf82cc120 JavaThread "Finalizer" daemon [_thread_blocked, id=17480, stack(0x0000003ce3100000,0x0000003ce3200000)]
  0x0000014cf82df680 JavaThread "Signal Dispatcher" daemon [_thread_blocked, id=7116, stack(0x0000003ce3200000,0x0000003ce3300000)]
  0x0000014cf82e0230 JavaThread "Attach Listener" daemon [_thread_blocked, id=6756, stack(0x0000003ce3300000,0x0000003ce3400000)]
  0x0000014cf82e1df0 JavaThread "Service Thread" daemon [_thread_blocked, id=12592, stack(0x0000003ce3400000,0x0000003ce3500000)]
  0x0000014cf82e4cb0 JavaThread "Monitor Deflation Thread" daemon [_thread_blocked, id=5104, stack(0x0000003ce3500000,0x0000003ce3600000)]
  0x0000014cf82e5da0 JavaThread "C2 CompilerThread0" daemon [_thread_blocked, id=12072, stack(0x0000003ce3600000,0x0000003ce3700000)]
  0x0000014cf8d08140 JavaThread "C1 CompilerThread0" daemon [_thread_blocked, id=13344, stack(0x0000003ce3700000,0x0000003ce3800000)]
  0x0000014cf8d0a750 JavaThread "Sweeper thread" daemon [_thread_blocked, id=8356, stack(0x0000003ce3800000,0x0000003ce3900000)]
  0x0000014cf8dca3f0 JavaThread "Notification Thread" daemon [_thread_blocked, id=5480, stack(0x0000003ce3900000,0x0000003ce3a00000)]
  0x0000014cf8dde2d0 JavaThread "Common-Cleaner" daemon [_thread_blocked, id=16368, stack(0x0000003ce3b00000,0x0000003ce3c00000)]
  0x0000014cf9266ed0 JavaThread "ReaderThread" [_thread_in_native, id=7672, stack(0x0000003ce3d00000,0x0000003ce3e00000)]

Other Threads:
  0x0000014cf82c56d0 VMThread "VM Thread" [stack: 0x0000003ce2f00000,0x0000003ce3000000] [id=16332]
  0x0000014cf82d1020 WatcherThread [stack: 0x0000003ce3a00000,0x0000003ce3b00000] [id=9208]
  0x0000014ceb1b3f60 GCTaskThread "GC Thread#0" [stack: 0x0000003ce2a00000,0x0000003ce2b00000] [id=11084]
  0x0000014cf91f3270 GCTaskThread "GC Thread#1" [stack: 0x0000003ce3c00000,0x0000003ce3d00000] [id=15720]
  0x0000014ceb1c0c20 ConcurrentGCThread "G1 Main Marker" [stack: 0x0000003ce2b00000,0x0000003ce2c00000] [id=17884]
  0x0000014ceb1c1630 ConcurrentGCThread "G1 Conc#0" [stack: 0x0000003ce2c00000,0x0000003ce2d00000] [id=1900]
  0x0000014cf81810c0 ConcurrentGCThread "G1 Refine#0" [stack: 0x0000003ce2d00000,0x0000003ce2e00000] [id=19184]
  0x0000014cf81837b0 ConcurrentGCThread "G1 Service" [stack: 0x0000003ce2e00000,0x0000003ce2f00000] [id=18992]

Threads with active compile tasks:

VM state: not at safepoint (normal execution)

VM Mutex/Monitor currently owned by a thread: None

Heap address: 0x00000000a1400000, size: 1516 MB, Compressed Oops mode: 32-bit

CDS archive(s) mapped at: [0x0000000800000000-0x0000000800bc0000-0x0000000800bc0000), size 12320768, SharedBaseAddress: 0x0000000800000000, ArchiveRelocationMode: 0.
Compressed class space mapped at: 0x0000000800c00000-0x0000000840c00000, reserved size: 1073741824
Narrow klass base: 0x0000000800000000, Narrow klass shift: 0, Narrow klass range: 0x100000000

GC Precious Log:
 CPUs: 2 total, 2 available
 Memory: 6059M
 Large Page Support: Disabled
 NUMA Support: Disabled
 Compressed Oops: Enabled (32-bit)
 Heap Region Size: 1M
 Heap Min Capacity: 8M
 Heap Initial Capacity: 96M
 Heap Max Capacity: 1516M
 Pre-touch: Disabled
 Parallel Workers: 2
 Concurrent Workers: 1
 Concurrent Refinement Workers: 2
 Periodic GC: Disabled

Heap:
 garbage-first heap   total 98304K, used 18216K [0x00000000a1400000, 0x0000000100000000)
  region size 1024K, 14 young (14336K), 4 survivors (4096K)
 Metaspace       used 15831K, committed 16128K, reserved 1064960K
  class space    used 2434K, committed 2560K, reserved 1048576K

Heap Regions: E=young(eden), S=young(survivor), O=old, HS=humongous(starts), HC=humongous(continues), CS=collection set, F=free, OA=open archive, CA=closed archive, TAMS=top-at-mark-start (previous, next)
|   0|0x00000000a1400000, 0x00000000a1500000, 0x00000000a1500000|100%|HS|  |TAMS 0x00000000a1400000, 0x00000000a1400000| Complete 
|   1|0x00000000a1500000, 0x00000000a1600000, 0x00000000a1600000|100%| O|  |TAMS 0x00000000a1500000, 0x00000000a1500000| Untracked 
|   2|0x00000000a1600000, 0x00000000a1700000, 0x00000000a1700000|100%| O|  |TAMS 0x00000000a1600000, 0x00000000a1600000| Untracked 
|   3|0x00000000a1700000, 0x00000000a1800000, 0x00000000a1800000|100%| O|  |TAMS 0x00000000a1700000, 0x00000000a1700000| Untracked 
|   4|0x00000000a1800000, 0x00000000a1900000, 0x00000000a1900000|100%| O|  |TAMS 0x00000000a1800000, 0x00000000a1800000| Untracked 
|   5|0x00000000a1900000, 0x00000000a191da00, 0x00000000a1a00000| 11%| O|  |TAMS 0x00000000a1900000, 0x00000000a1900000| Untracked 
|   6|0x00000000a1a00000, 0x00000000a1a00000, 0x00000000a1b00000|  0%| F|  |TAMS 0x00000000a1a00000, 0x00000000a1a00000| Untracked 
|   7|0x00000000a1b00000, 0x00000000a1b00000, 0x00000000a1c00000|  0%| F|  |TAMS 0x00000000a1b00000, 0x00000000a1b00000| Untracked 
|   8|0x00000000a1c00000, 0x00000000a1c00000, 0x00000000a1d00000|  0%| F|  |TAMS 0x00000000a1c00000, 0x00000000a1c00000| Untracked 
|   9|0x00000000a1d00000, 0x00000000a1d00000, 0x00000000a1e00000|  0%| F|  |TAMS 0x00000000a1d00000, 0x00000000a1d00000| Untracked 
|  10|0x00000000a1e00000, 0x00000000a1e00000, 0x00000000a1f00000|  0%| F|  |TAMS 0x00000000a1e00000, 0x00000000a1e00000| Untracked 
|  11|0x00000000a1f00000, 0x00000000a1f00000, 0x00000000a2000000|  0%| F|  |TAMS 0x00000000a1f00000, 0x00000000a1f00000| Untracked 
|  12|0x00000000a2000000, 0x00000000a2000000, 0x00000000a2100000|  0%| F|  |TAMS 0x00000000a2000000, 0x00000000a2000000| Untracked 
|  13|0x00000000a2100000, 0x00000000a2100000, 0x00000000a2200000|  0%| F|  |TAMS 0x00000000a2100000, 0x00000000a2100000| Untracked 
|  14|0x00000000a2200000, 0x00000000a2200000, 0x00000000a2300000|  0%| F|  |TAMS 0x00000000a2200000, 0x00000000a2200000| Untracked 
|  15|0x00000000a2300000, 0x00000000a2300000, 0x00000000a2400000|  0%| F|  |TAMS 0x00000000a2300000, 0x00000000a2300000| Untracked 
|  16|0x00000000a2400000, 0x00000000a2400000, 0x00000000a2500000|  0%| F|  |TAMS 0x00000000a2400000, 0x00000000a2400000| Untracked 
|  17|0x00000000a2500000, 0x00000000a2500000, 0x00000000a2600000|  0%| F|  |TAMS 0x00000000a2500000, 0x00000000a2500000| Untracked 
|  18|0x00000000a2600000, 0x00000000a2600000, 0x00000000a2700000|  0%| F|  |TAMS 0x00000000a2600000, 0x00000000a2600000| Untracked 
|  19|0x00000000a2700000, 0x00000000a2700000, 0x00000000a2800000|  0%| F|  |TAMS 0x00000000a2700000, 0x00000000a2700000| Untracked 
|  20|0x00000000a2800000, 0x00000000a2800000, 0x00000000a2900000|  0%| F|  |TAMS 0x00000000a2800000, 0x00000000a2800000| Untracked 
|  21|0x00000000a2900000, 0x00000000a2900000, 0x00000000a2a00000|  0%| F|  |TAMS 0x00000000a2900000, 0x00000000a2900000| Untracked 
|  22|0x00000000a2a00000, 0x00000000a2a00000, 0x00000000a2b00000|  0%| F|  |TAMS 0x00000000a2a00000, 0x00000000a2a00000| Untracked 
|  23|0x00000000a2b00000, 0x00000000a2b00000, 0x00000000a2c00000|  0%| F|  |TAMS 0x00000000a2b00000, 0x00000000a2b00000| Untracked 
|  24|0x00000000a2c00000, 0x00000000a2c00000, 0x00000000a2d00000|  0%| F|  |TAMS 0x00000000a2c00000, 0x00000000a2c00000| Untracked 
|  25|0x00000000a2d00000, 0x00000000a2d00000, 0x00000000a2e00000|  0%| F|  |TAMS 0x00000000a2d00000, 0x00000000a2d00000| Untracked 
|  26|0x00000000a2e00000, 0x00000000a2e00000, 0x00000000a2f00000|  0%| F|  |TAMS 0x00000000a2e00000, 0x00000000a2e00000| Untracked 
|  27|0x00000000a2f00000, 0x00000000a2f00000, 0x00000000a3000000|  0%| F|  |TAMS 0x00000000a2f00000, 0x00000000a2f00000| Untracked 
|  28|0x00000000a3000000, 0x00000000a3000000, 0x00000000a3100000|  0%| F|  |TAMS 0x00000000a3000000, 0x00000000a3000000| Untracked 
|  29|0x00000000a3100000, 0x00000000a3100000, 0x00000000a3200000|  0%| F|  |TAMS 0x00000000a3100000, 0x00000000a3100000| Untracked 
|  30|0x00000000a3200000, 0x00000000a3200000, 0x00000000a3300000|  0%| F|  |TAMS 0x00000000a3200000, 0x00000000a3200000| Untracked 
|  31|0x00000000a3300000, 0x00000000a3300000, 0x00000000a3400000|  0%| F|  |TAMS 0x00000000a3300000, 0x00000000a3300000| Untracked 
|  32|0x00000000a3400000, 0x00000000a3400000, 0x00000000a3500000|  0%| F|  |TAMS 0x00000000a3400000, 0x00000000a3400000| Untracked 
|  33|0x00000000a3500000, 0x00000000a3500000, 0x00000000a3600000|  0%| F|  |TAMS 0x00000000a3500000, 0x00000000a3500000| Untracked 
|  34|0x00000000a3600000, 0x00000000a3600000, 0x00000000a3700000|  0%| F|  |TAMS 0x00000000a3600000, 0x00000000a3600000| Untracked 
|  35|0x00000000a3700000, 0x00000000a3700000, 0x00000000a3800000|  0%| F|  |TAMS 0x00000000a3700000, 0x00000000a3700000| Untracked 
|  36|0x00000000a3800000, 0x00000000a3800000, 0x00000000a3900000|  0%| F|  |TAMS 0x00000000a3800000, 0x00000000a3800000| Untracked 
|  37|0x00000000a3900000, 0x00000000a3900000, 0x00000000a3a00000|  0%| F|  |TAMS 0x00000000a3900000, 0x00000000a3900000| Untracked 
|  38|0x00000000a3a00000, 0x00000000a3a00000, 0x00000000a3b00000|  0%| F|  |TAMS 0x00000000a3a00000, 0x00000000a3a00000| Untracked 
|  39|0x00000000a3b00000, 0x00000000a3b00000, 0x00000000a3c00000|  0%| F|  |TAMS 0x00000000a3b00000, 0x00000000a3b00000| Untracked 
|  40|0x00000000a3c00000, 0x00000000a3c00000, 0x00000000a3d00000|  0%| F|  |TAMS 0x00000000a3c00000, 0x00000000a3c00000| Untracked 
|  41|0x00000000a3d00000, 0x00000000a3d00000, 0x00000000a3e00000|  0%| F|  |TAMS 0x00000000a3d00000, 0x00000000a3d00000| Untracked 
|  42|0x00000000a3e00000, 0x00000000a3e00000, 0x00000000a3f00000|  0%| F|  |TAMS 0x00000000a3e00000, 0x00000000a3e00000| Untracked 
|  43|0x00000000a3f00000, 0x00000000a3f00000, 0x00000000a4000000|  0%| F|  |TAMS 0x00000000a3f00000, 0x00000000a3f00000| Untracked 
|  44|0x00000000a4000000, 0x00000000a4000000, 0x00000000a4100000|  0%| F|  |TAMS 0x00000000a4000000, 0x00000000a4000000| Untracked 
|  45|0x00000000a4100000, 0x00000000a4100000, 0x00000000a4200000|  0%| F|  |TAMS 0x00000000a4100000, 0x00000000a4100000| Untracked 
|  46|0x00000000a4200000, 0x00000000a42ac950, 0x00000000a4300000| 67%| S|CS|TAMS 0x00000000a4200000, 0x00000000a4200000| Complete 
|  47|0x00000000a4300000, 0x00000000a4400000, 0x00000000a4400000|100%| S|CS|TAMS 0x00000000a4300000, 0x00000000a4300000| Complete 
|  48|0x00000000a4400000, 0x00000000a4500000, 0x00000000a4500000|100%| S|CS|TAMS 0x00000000a4400000, 0x00000000a4400000| Complete 
|  49|0x00000000a4500000, 0x00000000a4600000, 0x00000000a4600000|100%| S|CS|TAMS 0x00000000a4500000, 0x00000000a4500000| Complete 
|  50|0x00000000a4600000, 0x00000000a4600000, 0x00000000a4700000|  0%| F|  |TAMS 0x00000000a4600000, 0x00000000a4600000| Untracked 
|  51|0x00000000a4700000, 0x00000000a4700000, 0x00000000a4800000|  0%| F|  |TAMS 0x00000000a4700000, 0x00000000a4700000| Untracked 
|  52|0x00000000a4800000, 0x00000000a4800000, 0x00000000a4900000|  0%| F|  |TAMS 0x00000000a4800000, 0x00000000a4800000| Untracked 
|  53|0x00000000a4900000, 0x00000000a4900000, 0x00000000a4a00000|  0%| F|  |TAMS 0x00000000a4900000, 0x00000000a4900000| Untracked 
|  54|0x00000000a4a00000, 0x00000000a4a00000, 0x00000000a4b00000|  0%| F|  |TAMS 0x00000000a4a00000, 0x00000000a4a00000| Untracked 
|  55|0x00000000a4b00000, 0x00000000a4b00000, 0x00000000a4c00000|  0%| F|  |TAMS 0x00000000a4b00000, 0x00000000a4b00000| Untracked 
|  56|0x00000000a4c00000, 0x00000000a4c00000, 0x00000000a4d00000|  0%| F|  |TAMS 0x00000000a4c00000, 0x00000000a4c00000| Untracked 
|  57|0x00000000a4d00000, 0x00000000a4d00000, 0x00000000a4e00000|  0%| F|  |TAMS 0x00000000a4d00000, 0x00000000a4d00000| Untracked 
|  58|0x00000000a4e00000, 0x00000000a4e00000, 0x00000000a4f00000|  0%| F|  |TAMS 0x00000000a4e00000, 0x00000000a4e00000| Untracked 
|  59|0x00000000a4f00000, 0x00000000a4f00000, 0x00000000a5000000|  0%| F|  |TAMS 0x00000000a4f00000, 0x00000000a4f00000| Untracked 
|  60|0x00000000a5000000, 0x00000000a5000000, 0x00000000a5100000|  0%| F|  |TAMS 0x00000000a5000000, 0x00000000a5000000| Untracked 
|  61|0x00000000a5100000, 0x00000000a5100000, 0x00000000a5200000|  0%| F|  |TAMS 0x00000000a5100000, 0x00000000a5100000| Untracked 
|  62|0x00000000a5200000, 0x00000000a5200000, 0x00000000a5300000|  0%| F|  |TAMS 0x00000000a5200000, 0x00000000a5200000| Untracked 
|  63|0x00000000a5300000, 0x00000000a5300000, 0x00000000a5400000|  0%| F|  |TAMS 0x00000000a5300000, 0x00000000a5300000| Untracked 
|  64|0x00000000a5400000, 0x00000000a5400000, 0x00000000a5500000|  0%| F|  |TAMS 0x00000000a5400000, 0x00000000a5400000| Untracked 
|  65|0x00000000a5500000, 0x00000000a5500000, 0x00000000a5600000|  0%| F|  |TAMS 0x00000000a5500000, 0x00000000a5500000| Untracked 
|  66|0x00000000a5600000, 0x00000000a5600000, 0x00000000a5700000|  0%| F|  |TAMS 0x00000000a5600000, 0x00000000a5600000| Untracked 
|  67|0x00000000a5700000, 0x00000000a5700000, 0x00000000a5800000|  0%| F|  |TAMS 0x00000000a5700000, 0x00000000a5700000| Untracked 
|  68|0x00000000a5800000, 0x00000000a5800000, 0x00000000a5900000|  0%| F|  |TAMS 0x00000000a5800000, 0x00000000a5800000| Untracked 
|  69|0x00000000a5900000, 0x00000000a5900000, 0x00000000a5a00000|  0%| F|  |TAMS 0x00000000a5900000, 0x00000000a5900000| Untracked 
|  70|0x00000000a5a00000, 0x00000000a5a00000, 0x00000000a5b00000|  0%| F|  |TAMS 0x00000000a5a00000, 0x00000000a5a00000| Untracked 
|  71|0x00000000a5b00000, 0x00000000a5b00000, 0x00000000a5c00000|  0%| F|  |TAMS 0x00000000a5b00000, 0x00000000a5b00000| Untracked 
|  72|0x00000000a5c00000, 0x00000000a5c00000, 0x00000000a5d00000|  0%| F|  |TAMS 0x00000000a5c00000, 0x00000000a5c00000| Untracked 
|  73|0x00000000a5d00000, 0x00000000a5d00000, 0x00000000a5e00000|  0%| F|  |TAMS 0x00000000a5d00000, 0x00000000a5d00000| Untracked 
|  74|0x00000000a5e00000, 0x00000000a5e00000, 0x00000000a5f00000|  0%| F|  |TAMS 0x00000000a5e00000, 0x00000000a5e00000| Untracked 
|  75|0x00000000a5f00000, 0x00000000a5f00000, 0x00000000a6000000|  0%| F|  |TAMS 0x00000000a5f00000, 0x00000000a5f00000| Untracked 
|  76|0x00000000a6000000, 0x00000000a6000000, 0x00000000a6100000|  0%| F|  |TAMS 0x00000000a6000000, 0x00000000a6000000| Untracked 
|  77|0x00000000a6100000, 0x00000000a6100000, 0x00000000a6200000|  0%| F|  |TAMS 0x00000000a6100000, 0x00000000a6100000| Untracked 
|  78|0x00000000a6200000, 0x00000000a6200000, 0x00000000a6300000|  0%| F|  |TAMS 0x00000000a6200000, 0x00000000a6200000| Untracked 
|  79|0x00000000a6300000, 0x00000000a6300000, 0x00000000a6400000|  0%| F|  |TAMS 0x00000000a6300000, 0x00000000a6300000| Untracked 
|  80|0x00000000a6400000, 0x00000000a6400000, 0x00000000a6500000|  0%| F|  |TAMS 0x00000000a6400000, 0x00000000a6400000| Untracked 
|  81|0x00000000a6500000, 0x00000000a6500000, 0x00000000a6600000|  0%| F|  |TAMS 0x00000000a6500000, 0x00000000a6500000| Untracked 
|  82|0x00000000a6600000, 0x00000000a6600000, 0x00000000a6700000|  0%| F|  |TAMS 0x00000000a6600000, 0x00000000a6600000| Untracked 
|  83|0x00000000a6700000, 0x00000000a6700000, 0x00000000a6800000|  0%| F|  |TAMS 0x00000000a6700000, 0x00000000a6700000| Untracked 
|  84|0x00000000a6800000, 0x00000000a6800000, 0x00000000a6900000|  0%| F|  |TAMS 0x00000000a6800000, 0x00000000a6800000| Untracked 
|  85|0x00000000a6900000, 0x00000000a6900000, 0x00000000a6a00000|  0%| F|  |TAMS 0x00000000a6900000, 0x00000000a6900000| Untracked 
|  86|0x00000000a6a00000, 0x00000000a6a80800, 0x00000000a6b00000| 50%| E|  |TAMS 0x00000000a6a00000, 0x00000000a6a00000| Complete 
|  87|0x00000000a6b00000, 0x00000000a6c00000, 0x00000000a6c00000|100%| E|CS|TAMS 0x00000000a6b00000, 0x00000000a6b00000| Complete 
|  88|0x00000000a6c00000, 0x00000000a6d00000, 0x00000000a6d00000|100%| E|CS|TAMS 0x00000000a6c00000, 0x00000000a6c00000| Complete 
|  89|0x00000000a6d00000, 0x00000000a6e00000, 0x00000000a6e00000|100%| E|CS|TAMS 0x00000000a6d00000, 0x00000000a6d00000| Complete 
|  90|0x00000000a6e00000, 0x00000000a6f00000, 0x00000000a6f00000|100%| E|CS|TAMS 0x00000000a6e00000, 0x00000000a6e00000| Complete 
|  91|0x00000000a6f00000, 0x00000000a7000000, 0x00000000a7000000|100%| E|CS|TAMS 0x00000000a6f00000, 0x00000000a6f00000| Complete 
|  92|0x00000000a7000000, 0x00000000a7100000, 0x00000000a7100000|100%| E|CS|TAMS 0x00000000a7000000, 0x00000000a7000000| Complete 
|  93|0x00000000a7100000, 0x00000000a7200000, 0x00000000a7200000|100%| E|CS|TAMS 0x00000000a7100000, 0x00000000a7100000| Complete 
|  94|0x00000000a7200000, 0x00000000a7300000, 0x00000000a7300000|100%| E|CS|TAMS 0x00000000a7200000, 0x00000000a7200000| Complete 
|  95|0x00000000a7300000, 0x00000000a7400000, 0x00000000a7400000|100%| E|CS|TAMS 0x00000000a7300000, 0x00000000a7300000| Complete 

Card table byte_map: [0x0000014cf29d0000,0x0000014cf2cd0000] _byte_map_base: 0x0000014cf24c6000

Marking Bits (Prev, Next): (CMBitMap*) 0x0000014ceb1b4570, (CMBitMap*) 0x0000014ceb1b45b0
 Prev Bits: [0x0000014cf2fd0000, 0x0000014cf4780000)
 Next Bits: [0x0000014cf4780000, 0x0000014cf5f30000)

Polling page: 0x0000014ce9170000

Metaspace:

Usage:
  Non-class:     13.08 MB used.
      Class:      2.38 MB used.
       Both:     15.46 MB used.

Virtual space:
  Non-class space:       16.00 MB reserved,      13.25 MB ( 83%) committed,  2 nodes.
      Class space:        1.00 GB reserved,       2.50 MB ( <1%) committed,  1 nodes.
             Both:        1.02 GB reserved,      15.75 MB (  2%) committed. 

Chunk freelists:
   Non-Class:  2.80 MB
       Class:  1.45 MB
        Both:  4.25 MB

MaxMetaspaceSize: unlimited
CompressedClassSpaceSize: 1.00 GB
Initial GC threshold: 21.00 MB
Current GC threshold: 21.00 MB
CDS: on
MetaspaceReclaimPolicy: balanced
 - commit_granule_bytes: 65536.
 - commit_granule_words: 8192.
 - virtual_space_node_default_size: 1048576.
 - enlarge_chunks_in_place: 1.
 - new_chunks_are_fully_committed: 0.
 - uncommit_free_chunks: 1.
 - use_allocation_guard: 0.
 - handle_deallocations: 1.


Internal statistics:

num_allocs_failed_limit: 0.
num_arena_births: 280.
num_arena_deaths: 0.
num_vsnodes_births: 3.
num_vsnodes_deaths: 0.
num_space_committed: 252.
num_space_uncommitted: 0.
num_chunks_returned_to_freelist: 0.
num_chunks_taken_from_freelist: 840.
num_chunk_merges: 0.
num_chunk_splits: 538.
num_chunks_enlarged: 383.
num_purges: 0.
num_inconsistent_stats: 0.

CodeHeap 'non-profiled nmethods': size=120064Kb used=1543Kb max_used=1543Kb free=118520Kb
 bounds [0x0000014c87ac0000, 0x0000014c87d30000, 0x0000014c8f000000]
CodeHeap 'profiled nmethods': size=120000Kb used=7378Kb max_used=7378Kb free=112621Kb
 bounds [0x0000014c80590000, 0x0000014c80cd0000, 0x0000014c87ac0000]
CodeHeap 'non-nmethods': size=5696Kb used=1184Kb max_used=1214Kb free=4511Kb
 bounds [0x0000014c80000000, 0x0000014c80270000, 0x0000014c80590000]
 total_blobs=4193 nmethods=3717 adapters=388
 compilation: enabled
              stopped_count=0, restarted_count=0
 full_count=0

Compilation events (20 events):
Event: 6.446 Thread 0x0000014cf8d08140 3700       3       java.lang.invoke.LambdaForm$Name::replaceNames (175 bytes)
Event: 6.447 Thread 0x0000014cf8d08140 nmethod 3700 0x0000014c80cbe890 code [0x0000014c80cbeac0, 0x0000014c80cbf6d8]
Event: 6.447 Thread 0x0000014cf8d08140 3702       3       java.lang.invoke.InvokerBytecodeGenerator::emitReferenceCast (188 bytes)
Event: 6.447 Thread 0x0000014cf8d08140 nmethod 3702 0x0000014c80cbfa10 code [0x0000014c80cbfcc0, 0x0000014c80cc0968]
Event: 6.447 Thread 0x0000014cf8d08140 3703       3       java.lang.invoke.InvokerBytecodeGenerator::refKindOpcode (112 bytes)
Event: 6.448 Thread 0x0000014cf8d08140 nmethod 3703 0x0000014c80cc0d10 code [0x0000014c80cc0f80, 0x0000014c80cc1838]
Event: 6.452 Thread 0x0000014cf8d08140 3710       3       java.lang.ref.SoftReference::<init> (13 bytes)
Event: 6.452 Thread 0x0000014cf8d08140 nmethod 3710 0x0000014c80cc1a90 code [0x0000014c80cc1c40, 0x0000014c80cc1f58]
Event: 6.452 Thread 0x0000014cf8d08140 3712       3       java.lang.invoke.MethodHandle::intrinsicName (4 bytes)
Event: 6.452 Thread 0x0000014cf8d08140 nmethod 3712 0x0000014c80cc2090 code [0x0000014c80cc2220, 0x0000014c80cc2338]
Event: 6.453 Thread 0x0000014cf8d08140 3713       3       java.lang.invoke.MethodType::changeReturnType (20 bytes)
Event: 6.453 Thread 0x0000014cf8d08140 nmethod 3713 0x0000014c80cc2410 code [0x0000014c80cc25c0, 0x0000014c80cc2788]
Event: 6.453 Thread 0x0000014cf8d08140 3715       3       java.lang.invoke.MethodHandles$Lookup::restrictProtectedReceiver (51 bytes)
Event: 6.453 Thread 0x0000014cf82e5da0 3717       4       java.util.Arrays::equals (57 bytes)
Event: 6.453 Thread 0x0000014cf8d08140 nmethod 3715 0x0000014c80cc2810 code [0x0000014c80cc2a00, 0x0000014c80cc2f28]
Event: 6.453 Thread 0x0000014cf8d08140 3716       3       java.lang.invoke.MethodHandles$Lookup::checkField (58 bytes)
Event: 6.454 Thread 0x0000014cf8d08140 nmethod 3716 0x0000014c80cc3090 code [0x0000014c80cc3280, 0x0000014c80cc36f8]
Event: 6.454 Thread 0x0000014cf8d08140 3718       3       java.util.Arrays::rangeCheck (74 bytes)
Event: 6.454 Thread 0x0000014cf8d08140 nmethod 3718 0x0000014c80cc3890 code [0x0000014c80cc3b40, 0x0000014c80cc4588]
Event: 6.455 Thread 0x0000014cf82e5da0 nmethod 3717 0x0000014c87c41890 code [0x0000014c87c41a20, 0x0000014c87c41bb8]

GC Heap History (8 events):
Event: 0.572 GC heap before
{Heap before GC invocations=0 (full 0):
 garbage-first heap   total 98304K, used 6144K [0x00000000a1400000, 0x0000000100000000)
  region size 1024K, 6 young (6144K), 0 survivors (0K)
 Metaspace       used 430K, committed 576K, reserved 1056768K
  class space    used 19K, committed 128K, reserved 1048576K
}
Event: 0.578 GC heap after
{Heap after GC invocations=1 (full 0):
 garbage-first heap   total 98304K, used 5386K [0x00000000a1400000, 0x0000000100000000)
  region size 1024K, 1 young (1024K), 1 survivors (1024K)
 Metaspace       used 430K, committed 576K, reserved 1056768K
  class space    used 19K, committed 128K, reserved 1048576K
}
Event: 0.807 GC heap before
{Heap before GC invocations=1 (full 0):
 garbage-first heap   total 98304K, used 8458K [0x00000000a1400000, 0x0000000100000000)
  region size 1024K, 4 young (4096K), 1 survivors (1024K)
 Metaspace       used 1512K, committed 1664K, reserved 1056768K
  class space    used 134K, committed 256K, reserved 1048576K
}
Event: 0.810 GC heap after
{Heap after GC invocations=2 (full 0):
 garbage-first heap   total 98304K, used 5615K [0x00000000a1400000, 0x0000000100000000)
  region size 1024K, 1 young (1024K), 1 survivors (1024K)
 Metaspace       used 1512K, committed 1664K, reserved 1056768K
  class space    used 134K, committed 256K, reserved 1048576K
}
Event: 1.442 GC heap before
{Heap before GC invocations=2 (full 0):
 garbage-first heap   total 98304K, used 13807K [0x00000000a1400000, 0x0000000100000000)
  region size 1024K, 9 young (9216K), 1 survivors (1024K)
 Metaspace       used 3801K, committed 3904K, reserved 1056768K
  class space    used 455K, committed 512K, reserved 1048576K
}
Event: 1.444 GC heap after
{Heap after GC invocations=3 (full 0):
 garbage-first heap   total 98304K, used 6183K [0x00000000a1400000, 0x0000000100000000)
  region size 1024K, 1 young (1024K), 1 survivors (1024K)
 Metaspace       used 3801K, committed 3904K, reserved 1056768K
  class space    used 455K, committed 512K, reserved 1048576K
}
Event: 5.920 GC heap before
{Heap before GC invocations=3 (full 0):
 garbage-first heap   total 98304K, used 52263K [0x00000000a1400000, 0x0000000100000000)
  region size 1024K, 46 young (47104K), 1 survivors (1024K)
 Metaspace       used 13625K, committed 13952K, reserved 1064960K
  class space    used 2094K, committed 2240K, reserved 1048576K
}
Event: 5.927 GC heap after
{Heap after GC invocations=4 (full 0):
 garbage-first heap   total 98304K, used 9000K [0x00000000a1400000, 0x0000000100000000)
  region size 1024K, 4 young (4096K), 4 survivors (4096K)
 Metaspace       used 13625K, committed 13952K, reserved 1064960K
  class space    used 2094K, committed 2240K, reserved 1048576K
}

Deoptimization events (20 events):
Event: 5.463 Thread 0x0000014ceb169850 DEOPT PACKING pc=0x0000014c87b9ca88 sp=0x0000003ce28fb730
Event: 5.463 Thread 0x0000014ceb169850 DEOPT UNPACKING pc=0x0000014c800523a3 sp=0x0000003ce28fb640 mode 2
Event: 5.513 Thread 0x0000014ceb169850 Uncommon trap: trap_request=0xffffff45 fr.pc=0x0000014c87b9b824 relative=0x0000000000000184
Event: 5.513 Thread 0x0000014ceb169850 Uncommon trap: reason=unstable_if action=reinterpret pc=0x0000014c87b9b824 method=java.util.HashMap.getNode(Ljava/lang/Object;)Ljava/util/HashMap$Node; @ 66 c2
Event: 5.513 Thread 0x0000014ceb169850 DEOPT PACKING pc=0x0000014c87b9b824 sp=0x0000003ce28fb6e0
Event: 5.513 Thread 0x0000014ceb169850 DEOPT UNPACKING pc=0x0000014c800523a3 sp=0x0000003ce28fb650 mode 2
Event: 5.557 Thread 0x0000014ceb169850 DEOPT PACKING pc=0x0000014c80946ba0 sp=0x0000003ce28faed0
Event: 5.557 Thread 0x0000014ceb169850 DEOPT UNPACKING pc=0x0000014c80052b43 sp=0x0000003ce28fa3e8 mode 0
Event: 5.645 Thread 0x0000014ceb169850 Uncommon trap: trap_request=0xffffff45 fr.pc=0x0000014c87be2f7c relative=0x0000000000005f1c
Event: 5.645 Thread 0x0000014ceb169850 Uncommon trap: reason=unstable_if action=reinterpret pc=0x0000014c87be2f7c method=jdk.internal.org.objectweb.asm.Type.getArgumentsAndReturnSizes(Ljava/lang/String;)I @ 117 c2
Event: 5.645 Thread 0x0000014ceb169850 DEOPT PACKING pc=0x0000014c87be2f7c sp=0x0000003ce28fc4b0
Event: 5.645 Thread 0x0000014ceb169850 DEOPT UNPACKING pc=0x0000014c800523a3 sp=0x0000003ce28fc368 mode 2
Event: 5.658 Thread 0x0000014ceb169850 DEOPT PACKING pc=0x0000014c80958494 sp=0x0000003ce28f8830
Event: 5.659 Thread 0x0000014ceb169850 DEOPT UNPACKING pc=0x0000014c80052b43 sp=0x0000003ce28f7cc8 mode 0
Event: 5.731 Thread 0x0000014ceb169850 Uncommon trap: trap_request=0xffffff45 fr.pc=0x0000014c87bb50b4 relative=0x00000000000001b4
Event: 5.731 Thread 0x0000014ceb169850 Uncommon trap: reason=unstable_if action=reinterpret pc=0x0000014c87bb50b4 method=java.lang.String.hashCode()I @ 20 c2
Event: 5.731 Thread 0x0000014ceb169850 DEOPT PACKING pc=0x0000014c87bb50b4 sp=0x0000003ce28fbb00
Event: 5.731 Thread 0x0000014ceb169850 DEOPT UNPACKING pc=0x0000014c800523a3 sp=0x0000003ce28fba90 mode 2
Event: 5.915 Thread 0x0000014ceb169850 DEOPT PACKING pc=0x0000014c8097ec88 sp=0x0000003ce28f7870
Event: 5.915 Thread 0x0000014ceb169850 DEOPT UNPACKING pc=0x0000014c80052b43 sp=0x0000003ce28f6d78 mode 0

Classes unloaded (0 events):
No events

Classes redefined (8 events):
Event: 4.509 Thread 0x0000014cf82c56d0 redefined class name=com.jacoc.api.repository.VendorRepository, count=1
Event: 4.509 Thread 0x0000014cf82c56d0 redefined class name=org.springframework.data.jpa.repository.JpaRepository, count=1
Event: 4.509 Thread 0x0000014cf82c56d0 redefined class name=org.springframework.data.repository.CrudRepository, count=1
Event: 4.509 Thread 0x0000014cf82c56d0 redefined class name=org.springframework.data.repository.ListPagingAndSortingRepository, count=1
Event: 4.509 Thread 0x0000014cf82c56d0 redefined class name=org.springframework.data.repository.ListCrudRepository, count=1
Event: 4.509 Thread 0x0000014cf82c56d0 redefined class name=org.springframework.data.repository.PagingAndSortingRepository, count=1
Event: 4.509 Thread 0x0000014cf82c56d0 redefined class name=org.springframework.data.repository.Repository, count=1
Event: 4.510 Thread 0x0000014cf82c56d0 redefined class name=org.springframework.data.repository.query.QueryByExampleExecutor, count=1

Internal exceptions (20 events):
Event: 2.571 Thread 0x0000014ceb169850 Exception <a 'java/lang/NoSuchMethodError'{0x00000000a6da5a20}: 'java.lang.Object java.lang.invoke.DirectMethodHandle$Holder.invokeStaticInit(java.lang.Object, int, int, int, int)'> (0x00000000a6da5a20) 
thrown [s\open\src\hotspot\share\interpreter\linkResolver.cpp, line 759]
Event: 2.640 Thread 0x0000014ceb169850 Exception <a 'java/lang/NoSuchMethodError'{0x00000000a6de5138}: 'java.lang.Object java.lang.invoke.DirectMethodHandle$Holder.invokeStaticInit(java.lang.Object, java.lang.Object, int, int, int, int)'> (0x00000000a6de5138) 
thrown [s\open\src\hotspot\share\interpreter\linkResolver.cpp, line 759]
Event: 3.757 Thread 0x0000014ceb169850 Exception <a 'java/lang/NoSuchMethodError'{0x00000000a5a4d698}: 'int java.lang.invoke.DirectMethodHandle$Holder.invokeStaticInit(java.lang.Object, java.lang.Object, java.lang.Object, java.lang.Object)'> (0x00000000a5a4d698) 
thrown [s\open\src\hotspot\share\interpreter\linkResolver.cpp, line 759]
Event: 3.758 Thread 0x0000014ceb169850 Exception <a 'java/lang/IncompatibleClassChangeError'{0x00000000a5a56df0}: Found class java.lang.Object, but interface was expected> (0x00000000a5a56df0) 
thrown [s\open\src\hotspot\share\interpreter\linkResolver.cpp, line 826]
Event: 3.758 Thread 0x0000014ceb169850 Exception <a 'java/lang/NoSuchMethodError'{0x00000000a5a5a238}: 'void java.lang.invoke.DirectMethodHandle$Holder.invokeStaticInit(java.lang.Object, java.lang.Object)'> (0x00000000a5a5a238) 
thrown [s\open\src\hotspot\share\interpreter\linkResolver.cpp, line 759]
Event: 3.858 Thread 0x0000014ceb169850 Exception <a 'java/lang/ClassNotFoundException'{0x00000000a58d7228}: java/lang/ClassLoader$ByteBuddyAccessor$V1> (0x00000000a58d7228) 
thrown [s\open\src\hotspot\share\classfile\systemDictionary.cpp, line 256]
Event: 4.184 Thread 0x0000014ceb169850 Exception <a 'java/lang/NoSuchMethodError'{0x00000000a505fcb8}: 'int java.lang.invoke.DirectMethodHandle$Holder.invokeVirtual(java.lang.Object, java.lang.Object, java.lang.Object)'> (0x00000000a505fcb8) 
thrown [s\open\src\hotspot\share\interpreter\linkResolver.cpp, line 759]
Event: 5.589 Thread 0x0000014ceb169850 Exception <a 'java/lang/NoSuchMethodError'{0x00000000a484aa20}: 'void java.lang.invoke.DelegatingMethodHandle$Holder.delegate(java.lang.Object, java.lang.Object, int, java.lang.Object)'> (0x00000000a484aa20) 
thrown [s\open\src\hotspot\share\interpreter\linkResolver.cpp, line 759]
Event: 5.595 Thread 0x0000014ceb169850 Exception <a 'java/lang/NoSuchMethodError'{0x00000000a4853878}: 'java.lang.Object java.lang.invoke.Invokers$Holder.invokeExact_MT(java.lang.Object, java.lang.Object, java.lang.Object, java.lang.Object)'> (0x00000000a4853878) 
thrown [s\open\src\hotspot\share\interpreter\linkResolver.cpp, line 759]
Event: 5.598 Thread 0x0000014ceb169850 Exception <a 'java/lang/NoSuchMethodError'{0x00000000a4857718}: 'java.lang.Object java.lang.invoke.Invokers$Holder.invoker(java.lang.Object, java.lang.Object, java.lang.Object, java.lang.Object)'> (0x00000000a4857718) 
thrown [s\open\src\hotspot\share\interpreter\linkResolver.cpp, line 759]
Event: 5.603 Thread 0x0000014ceb169850 Exception <a 'java/lang/NoSuchMethodError'{0x00000000a48619b0}: 'int java.lang.invoke.DirectMethodHandle$Holder.invokeSpecial(java.lang.Object, java.lang.Object, java.lang.Object, java.lang.Object)'> (0x00000000a48619b0) 
thrown [s\open\src\hotspot\share\interpreter\linkResolver.cpp, line 759]
Event: 5.627 Thread 0x0000014ceb169850 Exception <a 'java/lang/NoSuchMethodError'{0x00000000a4892188}: 'java.lang.Object java.lang.invoke.Invokers$Holder.invoker(java.lang.Object, java.lang.Object, java.lang.Object)'> (0x00000000a4892188) 
thrown [s\open\src\hotspot\share\interpreter\linkResolver.cpp, line 759]
Event: 5.701 Thread 0x0000014ceb169850 Exception <a 'java/lang/IncompatibleClassChangeError'{0x00000000a4756018}: Found class java.lang.Object, but interface was expected> (0x00000000a4756018) 
thrown [s\open\src\hotspot\share\interpreter\linkResolver.cpp, line 826]
Event: 5.748 Thread 0x0000014ceb169850 Exception <a 'java/lang/NoSuchMethodError'{0x00000000a47ebd18}: 'int java.lang.invoke.DirectMethodHandle$Holder.invokeStaticInit(java.lang.Object, java.lang.Object, java.lang.Object)'> (0x00000000a47ebd18) 
thrown [s\open\src\hotspot\share\interpreter\linkResolver.cpp, line 759]
Event: 5.764 Thread 0x0000014ceb169850 Exception <a 'java/lang/NoSuchMethodError'{0x00000000a460e9f0}: 'void java.lang.invoke.DelegatingMethodHandle$Holder.reinvoke_L(java.lang.Object, java.lang.Object, java.lang.Object, java.lang.Object, java.lang.Object, java.lang.Object, java.lang.Object, java.lang.Object)'> (0x00000000a460e9f0) 
thrown [s\open\src\hotspot\share\interpreter\linkResolver.cpp, line 759]
Event: 5.765 Thread 0x0000014ceb169850 Exception <a 'java/lang/NoSuchMethodError'{0x00000000a4617210}: 'java.lang.Object java.lang.invoke.DirectMethodHandle$Holder.invokeSpecial(java.lang.Object, java.lang.Object, java.lang.Object, java.lang.Object, java.lang.Object, java.lang.Object, java.lang.Object, java.lang.Object, java.lang.Object)'> (0x00000000a4617210) 
thrown [s\open\src\hotspot\share\interpreter\linkResolver.cpp, line 759]
Event: 5.931 Thread 0x0000014ceb169850 Exception <a 'java/lang/IncompatibleClassChangeError'{0x00000000a73276e0}: Found class java.lang.Object, but interface was expected> (0x00000000a73276e0) 
thrown [s\open\src\hotspot\share\interpreter\linkResolver.cpp, line 826]
Event: 5.936 Thread 0x0000014ceb169850 Exception <a 'java/lang/NoSuchMethodError'{0x00000000a733e098}: 'java.lang.Object java.lang.invoke.DirectMethodHandle$Holder.invokeStatic(java.lang.Object, int, java.lang.Object)'> (0x00000000a733e098) 
thrown [s\open\src\hotspot\share\interpreter\linkResolver.cpp, line 759]
Event: 6.108 Thread 0x0000014ceb169850 Exception <a 'java/lang/IncompatibleClassChangeError'{0x00000000a7270c98}: Found class java.lang.Object, but interface was expected> (0x00000000a7270c98) 
thrown [s\open\src\hotspot\share\interpreter\linkResolver.cpp, line 826]
Event: 6.315 Thread 0x0000014ceb169850 Exception <a 'java/lang/IncompatibleClassChangeError'{0x00000000a6c5ad00}: Found class java.lang.Object, but interface was expected> (0x00000000a6c5ad00) 
thrown [s\open\src\hotspot\share\interpreter\linkResolver.cpp, line 826]

VM Operations (20 events):
Event: 4.507 Executing VM operation: RedefineClasses
Event: 4.517 Executing VM operation: RedefineClasses done
Event: 4.517 Executing VM operation: HandshakeAllThreads
Event: 4.517 Executing VM operation: HandshakeAllThreads done
Event: 4.519 Executing VM operation: ICBufferFull
Event: 4.519 Executing VM operation: ICBufferFull done
Event: 4.520 Executing VM operation: ICBufferFull
Event: 4.521 Executing VM operation: ICBufferFull done
Event: 4.758 Executing VM operation: ICBufferFull
Event: 4.758 Executing VM operation: ICBufferFull done
Event: 4.957 Executing VM operation: ICBufferFull
Event: 4.957 Executing VM operation: ICBufferFull done
Event: 5.503 Executing VM operation: ICBufferFull
Event: 5.503 Executing VM operation: ICBufferFull done
Event: 5.581 Executing VM operation: HandshakeAllThreads
Event: 5.582 Executing VM operation: HandshakeAllThreads done
Event: 5.722 Executing VM operation: HandshakeAllThreads
Event: 5.722 Executing VM operation: HandshakeAllThreads done
Event: 5.920 Executing VM operation: G1CollectForAllocation
Event: 5.927 Executing VM operation: G1CollectForAllocation done

Events (20 events):
Event: 6.430 loading class java/util/concurrent/atomic/AtomicStampedReference
Event: 6.430 loading class java/util/concurrent/atomic/AtomicStampedReference done
Event: 6.430 loading class java/util/concurrent/atomic/AtomicIntegerFieldUpdater
Event: 6.430 loading class java/util/concurrent/atomic/AtomicIntegerFieldUpdater done
Event: 6.430 loading class java/util/concurrent/atomic/AtomicLongFieldUpdater
Event: 6.431 loading class java/util/concurrent/atomic/AtomicLongFieldUpdater done
Event: 6.431 loading class java/util/concurrent/atomic/AtomicReferenceFieldUpdater
Event: 6.431 loading class java/util/concurrent/atomic/AtomicReferenceFieldUpdater done
Event: 6.431 loading class org/assertj/core/presentation/PredicateDescription
Event: 6.431 loading class org/assertj/core/presentation/PredicateDescription done
Event: 6.431 loading class org/assertj/core/groups/Tuple
Event: 6.431 loading class org/assertj/core/groups/Tuple done
Event: 6.431 loading class org/assertj/core/util/diff/InsertDelta
Event: 6.431 loading class org/assertj/core/util/diff/InsertDelta done
Event: 6.433 loading class org/assertj/core/util/diff/Delta
Event: 6.433 loading class org/assertj/core/util/diff/Delta done
Event: 6.435 loading class org/assertj/core/util/diff/ChangeDelta
Event: 6.435 loading class org/assertj/core/util/diff/ChangeDelta done
Event: 6.436 loading class org/assertj/core/util/diff/DeleteDelta
Event: 6.436 loading class org/assertj/core/util/diff/DeleteDelta done


Dynamic libraries:
0x00007ff606c20000 - 0x00007ff606c30000 	C:\Program Files\Java\jdk-17.0.4.1\bin\javaw.exe
0x00007ffd493f0000 - 0x00007ffd49604000 	C:\WINDOWS\SYSTEM32\ntdll.dll
0x00007ffd489d0000 - 0x00007ffd48a92000 	C:\WINDOWS\System32\KERNEL32.DLL
0x00007ffd46a20000 - 0x00007ffd46dc3000 	C:\WINDOWS\System32\KERNELBASE.dll
0x00007ffd46dd0000 - 0x00007ffd46ee1000 	C:\WINDOWS\System32\ucrtbase.dll
0x00007ffd20860000 - 0x00007ffd20878000 	C:\Program Files\Java\jdk-17.0.4.1\bin\jli.dll
0x00007ffd471f0000 - 0x00007ffd4729e000 	C:\WINDOWS\System32\ADVAPI32.dll
0x00007ffd49200000 - 0x00007ffd492a7000 	C:\WINDOWS\System32\msvcrt.dll
0x00007ffd48760000 - 0x00007ffd48804000 	C:\WINDOWS\System32\sechost.dll
0x00007ffd48b00000 - 0x00007ffd48c17000 	C:\WINDOWS\System32\RPCRT4.dll
0x00007ffd485a0000 - 0x00007ffd4874b000 	C:\WINDOWS\System32\USER32.dll
0x00007ffd468b0000 - 0x00007ffd468d6000 	C:\WINDOWS\System32\win32u.dll
0x00007ffd47c70000 - 0x00007ffd47c99000 	C:\WINDOWS\System32\GDI32.dll
0x00007ffd46ef0000 - 0x00007ffd47008000 	C:\WINDOWS\System32\gdi32full.dll
0x00007ffd46810000 - 0x00007ffd468aa000 	C:\WINDOWS\System32\msvcp_win.dll
0x00007ffd1ff40000 - 0x00007ffd1ff5a000 	C:\Program Files\Java\jdk-17.0.4.1\bin\VCRUNTIME140.dll
0x00007ffd295e0000 - 0x00007ffd2986e000 	C:\WINDOWS\WinSxS\amd64_microsoft.windows.common-controls_6595b64144ccf1df_6.0.22621.1635_none_270f70857386168e\COMCTL32.dll
0x00007ffd3ed00000 - 0x00007ffd3ed0a000 	C:\WINDOWS\SYSTEM32\VERSION.dll
0x00007ffd48ac0000 - 0x00007ffd48af1000 	C:\WINDOWS\System32\IMM32.DLL
0x00007ffd25f40000 - 0x00007ffd25f4c000 	C:\Program Files\Java\jdk-17.0.4.1\bin\vcruntime140_1.dll
0x00007ffd1feb0000 - 0x00007ffd1ff3d000 	C:\Program Files\Java\jdk-17.0.4.1\bin\msvcp140.dll
0x00007ffd1f2e0000 - 0x00007ffd1fea2000 	C:\Program Files\Java\jdk-17.0.4.1\bin\server\jvm.dll
0x00007ffd48750000 - 0x00007ffd48758000 	C:\WINDOWS\System32\PSAPI.DLL
0x00007ffd24e00000 - 0x00007ffd24e09000 	C:\WINDOWS\SYSTEM32\WSOCK32.dll
0x00007ffd48950000 - 0x00007ffd489c1000 	C:\WINDOWS\System32\WS2_32.dll
0x00007ffd3f000000 - 0x00007ffd3f034000 	C:\WINDOWS\SYSTEM32\WINMM.dll
0x00007ffd45860000 - 0x00007ffd45878000 	C:\WINDOWS\SYSTEM32\kernel.appcore.dll
0x00007ffd21290000 - 0x00007ffd2129a000 	C:\Program Files\Java\jdk-17.0.4.1\bin\jimage.dll
0x00007ffd301b0000 - 0x00007ffd303de000 	C:\WINDOWS\SYSTEM32\DBGHELP.DLL
0x00007ffd48d40000 - 0x00007ffd490c9000 	C:\WINDOWS\System32\combase.dll
0x00007ffd472a0000 - 0x00007ffd47377000 	C:\WINDOWS\System32\OLEAUT32.dll
0x00007ffd23910000 - 0x00007ffd23942000 	C:\WINDOWS\SYSTEM32\dbgcore.DLL
0x00007ffd469a0000 - 0x00007ffd46a1b000 	C:\WINDOWS\System32\bcryptPrimitives.dll
0x00007ffd21a20000 - 0x00007ffd21a45000 	C:\Program Files\Java\jdk-17.0.4.1\bin\java.dll
0x00007ffd1eb20000 - 0x00007ffd1ebf6000 	C:\Program Files\Java\jdk-17.0.4.1\bin\jsvml.dll
0x00007ffd47da0000 - 0x00007ffd4859a000 	C:\WINDOWS\System32\SHELL32.dll
0x00007ffd44810000 - 0x00007ffd450de000 	C:\WINDOWS\SYSTEM32\windows.storage.dll
0x00007ffd446d0000 - 0x00007ffd4480e000 	C:\WINDOWS\SYSTEM32\wintypes.dll
0x00007ffd47ca0000 - 0x00007ffd47d91000 	C:\WINDOWS\System32\SHCORE.dll
0x00007ffd48860000 - 0x00007ffd488be000 	C:\WINDOWS\System32\shlwapi.dll
0x00007ffd46740000 - 0x00007ffd46761000 	C:\WINDOWS\SYSTEM32\profapi.dll
0x00007ffd1d340000 - 0x00007ffd1d359000 	C:\Program Files\Java\jdk-17.0.4.1\bin\net.dll
0x00007ffd3f490000 - 0x00007ffd3f5c7000 	C:\WINDOWS\SYSTEM32\WINHTTP.dll
0x00007ffd45cd0000 - 0x00007ffd45d39000 	C:\WINDOWS\system32\mswsock.dll
0x00007ffd1d290000 - 0x00007ffd1d2a6000 	C:\Program Files\Java\jdk-17.0.4.1\bin\nio.dll
0x00007ffd1d060000 - 0x00007ffd1d078000 	C:\Program Files\Java\jdk-17.0.4.1\bin\zip.dll
0x00007ffd45380000 - 0x00007ffd453ad000 	C:\WINDOWS\SYSTEM32\IPHLPAPI.DLL
0x00007ffd47380000 - 0x00007ffd47389000 	C:\WINDOWS\System32\NSI.dll
0x00007ffd3f280000 - 0x00007ffd3f299000 	C:\WINDOWS\SYSTEM32\dhcpcsvc6.DLL
0x00007ffd3f260000 - 0x00007ffd3f27f000 	C:\WINDOWS\SYSTEM32\dhcpcsvc.DLL
0x00007ffd45400000 - 0x00007ffd454f3000 	C:\WINDOWS\SYSTEM32\DNSAPI.dll
0x00007ffd2aed0000 - 0x00007ffd2aee0000 	C:\Program Files\Java\jdk-17.0.4.1\bin\verify.dll
0x00007ffd345f0000 - 0x00007ffd345fe000 	C:\Program Files\Java\jdk-17.0.4.1\bin\instrument.dll
0x00007ffd45f40000 - 0x00007ffd45f5b000 	C:\WINDOWS\SYSTEM32\CRYPTSP.dll
0x00007ffd457d0000 - 0x00007ffd45805000 	C:\WINDOWS\system32\rsaenh.dll
0x00007ffd45dd0000 - 0x00007ffd45df8000 	C:\WINDOWS\SYSTEM32\USERENV.dll
0x00007ffd460f0000 - 0x00007ffd46118000 	C:\WINDOWS\SYSTEM32\bcrypt.dll
0x00007ffd45f30000 - 0x00007ffd45f3c000 	C:\WINDOWS\SYSTEM32\CRYPTBASE.dll

dbghelp: loaded successfully - version: 4.0.5 - missing functions: none
symbol engine: initialized successfully - sym options: 0x614 - pdb path: .;C:\Program Files\Java\jdk-17.0.4.1\bin;C:\WINDOWS\SYSTEM32;C:\WINDOWS\WinSxS\amd64_microsoft.windows.common-controls_6595b64144ccf1df_6.0.22621.1635_none_270f70857386168e;C:\Program Files\Java\jdk-17.0.4.1\bin\server

VM Arguments:
jvm_args: -ea -Dfile.encoding=UTF-8 -Dstdout.encoding=UTF-8 -Dstderr.encoding=UTF-8 -XX:+ShowCodeDetailsInExceptionMessages 
java_command: org.eclipse.jdt.internal.junit.runner.RemoteTestRunner -version 3 -port 7751 -testLoaderClass org.eclipse.jdt.internal.junit5.runner.JUnit5TestLoader -loaderpluginname org.eclipse.jdt.junit5.runtime -classNames com.jacoc.api.serviceTest.VendorServiceTest
java_class_path (initial): D:\Eclipse code\com.api.JunitTesting.jacoco\target\test-classes;D:\Eclipse code\com.api.JunitTesting.jacoco\target\classes;C:\Users\hp\.m2\repository\org\springframework\boot\spring-boot-starter-data-jpa\3.2.2\spring-boot-starter-data-jpa-3.2.2.jar;C:\Users\hp\.m2\repository\org\springframework\boot\spring-boot-starter-aop\3.2.2\spring-boot-starter-aop-3.2.2.jar;C:\Users\hp\.m2\repository\org\springframework\spring-aop\6.1.3\spring-aop-6.1.3.jar;C:\Users\hp\.m2\repository\org\aspectj\aspectjweaver\1.9.21\aspectjweaver-1.9.21.jar;C:\Users\hp\.m2\repository\org\springframework\boot\spring-boot-starter-jdbc\3.2.2\spring-boot-starter-jdbc-3.2.2.jar;C:\Users\hp\.m2\repository\com\zaxxer\HikariCP\5.0.1\HikariCP-5.0.1.jar;C:\Users\hp\.m2\repository\org\springframework\spring-jdbc\6.1.3\spring-jdbc-6.1.3.jar;C:\Users\hp\.m2\repository\org\hibernate\orm\hibernate-core\6.4.1.Final\hibernate-core-6.4.1.Final.jar;C:\Users\hp\.m2\repository\jakarta\persistence\jakarta.persistence-api\3.1.0\jakarta.persistence-api-3.1.0.jar;C:\Users\hp\.m2\repository\jakarta\transaction\jakarta.transaction-api\2.0.1\jakarta.transaction-api-2.0.1.jar;C:\Users\hp\.m2\repository\org\jboss\logging\jboss-logging\3.5.3.Final\jboss-logging-3.5.3.Final.jar;C:\Users\hp\.m2\repository\org\hibernate\common\hibernate-commons-annotations\6.0.6.Final\hibernate-commons-annotations-6.0.6.Final.jar;C:\Users\hp\.m2\repository\io\smallrye\jandex\3.1.2\jandex-3.1.2.jar;C:\Users\hp\.m2\repository\com\fasterxml\classmate\1.6.0\classmate-1.6.0.jar;C:\Users\hp\.m2\repository\net\bytebuddy\byte-buddy\1.14.11\byte-buddy-1.14.11.jar;C:\Users\hp\.m2\repository\org\glassfish\jaxb\jaxb-runtime\4.0.4\jaxb-runtime-4.0.4.jar;C:\Users\hp\.m2\repository\org\glassfish\jaxb\jaxb-core\4.0.4\jaxb-core-4.0.4.jar;C:\Users\hp\.m2\repository\org\eclipse\angus\angus-activation\2.0.1\angus-activation-2.0.1.jar;C:\Users\hp\.m2\repository\org\glassfish\jaxb\txw2\4.0.4\txw2-4.0.4.jar;C:\Users\hp\.m2\repository\com\
Launcher Type: SUN_STANDARD

[Global flags]
     intx CICompilerCount                          = 2                                         {product} {ergonomic}
     uint ConcGCThreads                            = 1                                         {product} {ergonomic}
     uint G1ConcRefinementThreads                  = 2                                         {product} {ergonomic}
   size_t G1HeapRegionSize                         = 1048576                                   {product} {ergonomic}
    uintx GCDrainStackTargetSize                   = 64                                        {product} {ergonomic}
   size_t InitialHeapSize                          = 100663296                                 {product} {ergonomic}
   size_t MarkStackSize                            = 4194304                                   {product} {ergonomic}
   size_t MaxHeapSize                              = 1589641216                                {product} {ergonomic}
   size_t MaxNewSize                               = 953155584                                 {product} {ergonomic}
   size_t MinHeapDeltaBytes                        = 1048576                                   {product} {ergonomic}
   size_t MinHeapSize                              = 8388608                                   {product} {ergonomic}
    uintx NonNMethodCodeHeapSize                   = 5826188                                {pd product} {ergonomic}
    uintx NonProfiledCodeHeapSize                  = 122916026                              {pd product} {ergonomic}
    uintx ProfiledCodeHeapSize                     = 122916026                              {pd product} {ergonomic}
    uintx ReservedCodeCacheSize                    = 251658240                              {pd product} {ergonomic}
     bool SegmentedCodeCache                       = true                                      {product} {ergonomic}
     bool ShowCodeDetailsInExceptionMessages       = true                                   {manageable} {command line}
   size_t SoftMaxHeapSize                          = 1589641216                             {manageable} {ergonomic}
     bool UseCompressedClassPointers               = true                           {product lp64_product} {ergonomic}
     bool UseCompressedOops                        = true                           {product lp64_product} {ergonomic}
     bool UseG1GC                                  = true                                      {product} {ergonomic}
     bool UseLargePagesIndividualAllocation        = false                                  {pd product} {ergonomic}

Logging:
Log output configuration:
 #0: stdout all=warning uptime,level,tags
 #1: stderr all=off uptime,level,tags

Environment Variables:
JAVA_HOME=D:\all software\java software
PATH=C:\Program Files\Common Files\Oracle\Java\javapath;C:\WINDOWS\system32;C:\WINDOWS;C:\WINDOWS\System32\Wbem;C:\WINDOWS\System32\WindowsPowerShell\v1.0\;C:\WINDOWS\System32\OpenSSH\;D:\all software\java software\bin;D:\all software\mplab\bin;D:\all software\Node js\;C:\Program Files\Java\jdk-17.0.4.1\bin;D:\all software\SVN Server\visualSVN\bin;C:\Program Files\Docker\Docker\resources\bin;C:\ProgramData\chocolatey\bin;C:\Program Files\Git\cmd;C:\Program Files\MySQL\MySQL Shell 8.0\bin\;C:\Users\hp\AppData\Local\Microsoft\WindowsApps;C:\Users\hp\AppData\Roaming\npm;D:\all software\Vs code\Microsoft VS Code\bin
USERNAME=hp
OS=Windows_NT
PROCESSOR_IDENTIFIER=AMD64 Family 23 Model 32 Stepping 1, AuthenticAMD



---------------  S Y S T E M  ---------------

OS:
 Windows 11 , 64 bit Build 22621 (10.0.22621.1635)
OS uptime: 4 days 14:40 hours

CPU: total 2 (initial active 2) (2 cores per cpu, 1 threads per core) family 23 model 32 stepping 1 microcode 0x0, cx8, cmov, fxsr, mmx, 3dnowpref, sse, sse2, sse3, ssse3, sse4a, sse4.1, sse4.2, popcnt, lzcnt, tsc, tscinvbit, avx, avx2, aes, clmul, bmi1, bmi2, adx, sha, fma, vzeroupper, clflush, clflushopt

Memory: 4k page, system-wide physical 6059M (605M free)
TotalPageFile size 11179M (AvailPageFile size 3499M)
current process WorkingSet (physical memory assigned to process): 138M, peak: 138M
current process commit charge ("private bytes"): 211M, peak: 211M

vm_info: Java HotSpot(TM) 64-Bit Server VM (17.0.4.1+1-LTS-2) for windows-amd64 JRE (17.0.4.1+1-LTS-2), built on Aug 16 2022 18:32:06 by "mach5one" with MS VC++ 16.8 / 16.9 (VS2019)

END.
